16:03:15 - INFO	| get_width.get_width:57 - 0/0/0 -  Real resolution: 1942 x 1136 x 1.0 x False
16:03:15 - DEBUG	| config.read_maps:159 - 0/0/0 -  ['map_1-1_1.json', 'map_1-2_1.json', 'map_1-2_2.json', 'map_1-2_3.json', 'map_1-3_1.json', 'map_1-3_2.json', 'map_1-3_3.json', 'map_1-3_4.json', 'map_2-1_1.json', 'map_2-1_2.json', 'map_2-2_1.json', 'map_2-2_2.json', 'map_2-3_1.json', 'map_2-3_2.json', 'map_2-3_3.json', 'map_2-3_4.json', 'map_2-3_5.json', 'map_2-4_1.json', 'map_2-4_2.json', 'map_2-5_1.json', 'map_2-5_2.json', 'map_2-5_3.json', 'map_2-5_4.json', 'map_2-6_1.json', 'map_2-6_2.json', 'map_2-7_1.json', 'map_2-7_2.json', 'map_2-7_3.json', 'map_3-1_1.json', 'map_3-1_2.json', 'map_3-1_3.json', 'map_3-1_4.json', 'map_3-1_5.json', 'map_3-1_6.json', 'map_3-2_1.json', 'map_3-2_2.json', 'map_3-2_3.json', 'map_3-2_4.json', 'map_3-2_5.json', 'map_3-3_1.json', 'map_3-3_2.json', 'map_3-3_3.json', 'map_3-3_4.json', 'map_3-3_5.json', 'map_3-3_6.json', 'map_3-4_1.json', 'map_3-4_2.json', 'map_3-4_3.json', 'map_3-4_4.json', 'map_3-4_5.json', 'map_3-4_6.json', 'map_3-4_7.json', 'map_3-5_1.json', 'map_3-5_2.json', 'map_3-5_3.json', 'map_3-5_4.json', 'map_3-5_5.json', 'map_3-5_6.json', 'map_3-5_7.json', 'map_3-6_1.json', 'map_3-6_2.json', 'map_3-6_3.json', 'map_3-6_4.json', 'map_3-6_5.json', 'map_3-6_6.json']
16:03:15 - DEBUG	| config.read_maps:160 - 0/0/0 -  {'1': {'1_1': '基座舱段-1', '2_1': '收容舱段-1', '2_2': '收容舱段-2', '2_3': '收容舱段-3', '3_1': '支援舱段-1', '3_2': '支援舱段-2', '3_3': '支援舱段-3', '3_4': '支援舱段-4'}, '2': {'1_1': '城郊雪原-1', '1_2': '城郊雪原-2', '2_1': '边缘道路-1', '2_2': '边缘道路-2', '3_1': '残响回廊-1', '3_2': '残响回廊-2', '3_3': '残响回廊-3', '3_4': '残响回廊-4', '3_5': '残响回廊-5', '4_1': '永冬岭-1', '4_2': '永冬岭-2', '5_1': '大矿区-1', '5_2': '大矿区-2', '5_3': '大矿区-3', '5_4': '大矿区-4', '6_1': '铆钉镇-1', '6_2': '铆钉镇-2', '7_1': '机器聚落-1', '7_2': '机器聚落-2', '7_3': '机器聚落-3'}, '3': {'1_1': '流云渡-1', '1_2': '流云渡-2', '1_3': '流云渡-3', '1_4': '流云渡-4', '1_5': '流云渡-5', '1_6': '流云渡-6', '2_1': '迥星港-1', '2_2': '迥星港-2', '2_3': '迥星港-3', '2_4': '迥星港-4', '2_5': '迥星港-5', '3_1': '太卜司-1', '3_2': '太卜司-2', '3_3': '太卜司-3', '3_4': '太卜司-4', '3_5': '太卜司-5', '3_6': '太卜司-6', '4_1': '工造司-1', '4_2': '工造司-2', '4_3': '工造司-3', '4_4': '工造司-4', '4_5': '工造司-5', '4_6': '工造司-6', '4_7': '工造司-7', '5_1': '丹鼎司-1', '5_2': '丹鼎司-2', '5_3': '丹鼎司-3', '5_4': '丹鼎司-4', '5_5': '丹鼎司-5', '5_6': '丹鼎司-6', '5_7': '丹鼎司-7', '6_1': '鳞渊境-1', '6_2': '鳞渊境-2', '6_3': '鳞渊境-3', '6_4': '鳞渊境-4', '6_5': '鳞渊境-5', '6_6': '鳞渊境-6'}}
16:03:15 - INFO	| map.auto_map:129 - 0/0/0 -  start = 2-2_2
16:03:15 - INFO	| map.auto_map:131 - 0/0/0 -  (1920, 1080)
16:03:15 - DEBUG	| calculated.part_ocr:746 - 0/0/0 -  {'杰帕德': (2352, 378), '白露': (2362, 471), '节洛妮处': (2345, 564), '死': (2372, 659)}
16:03:15 - INFO	| map.auto_map:135 - 0/0/0 -  dict_keys(['杰帕德', '白露', '节洛妮处', '死'])
16:03:15 - INFO	| map.start_map:140 - 0/0/0 -  start_map = 2-2_2
16:03:15 - DEBUG	| map.start_map:166 - 0/0/0 -  map
16:03:17 - DEBUG	| calculated.part_ocr:746 - 0/0/0 -  {'导航': (741, 109), 'Y': (688, 128), '雅利洛-': (763, 138)}
16:03:17 - INFO	| calculated.open_map:946 - 0/0/0 -  进入地图
16:03:18 - DEBUG	| map.start_map:166 - 0/0/0 -  map_2-2_point_1.jpg
16:03:19 - INFO	| calculated.click_target:326 - 0/0/0 -  orientation_1
16:03:19 - INFO	| calculated.click_target:328 - 0/0/0 -  选择星球
16:03:19 - DEBUG	| calculated.part_ocr_other:781 - 0/0/0 -  {'星轨航图': (2259, 195)}
16:03:19 - DEBUG	| calculated.ocr_pos:718 - 0/0/0 -  {'星轨航图': (2259, 195)}
16:03:19 - DEBUG	| calculated.ocr_click:160 - 0/0/0 -  星轨航图
16:03:20 - INFO	| calculated.click_target:389 - 0/0/0 -  orientation_3
16:03:21 - INFO	| calculated.click_target:398 - 0/0/0 -  0.9888546466827393
16:03:21 - INFO	| calculated.click_target:326 - 0/0/0 -  map_2-2
16:03:21 - INFO	| calculated.click_target:332 - 0/0/0 -  选择地图
16:03:21 - DEBUG	| calculated.part_ocr:746 - 0/0/0 -  {'F「罗浮': (2153, 1000)}
16:03:21 - DEBUG	| calculated.click_target:363 - 0/0/0 -  边缘通路
16:03:21 - DEBUG	| calculated.click_target:367 - 0/0/0 -  None
16:03:21 - DEBUG	| calculated.part_ocr:746 - 0/0/0 -  {}
16:03:21 - DEBUG	| calculated.click_target:363 - 0/0/0 -  边缘通路
16:03:21 - DEBUG	| calculated.click_target:367 - 0/0/0 -  None
16:03:21 - DEBUG	| calculated.part_ocr:746 - 0/0/0 -  {}
16:03:21 - DEBUG	| calculated.click_target:363 - 0/0/0 -  边缘通路
16:03:21 - DEBUG	| calculated.click_target:367 - 0/0/0 -  None
16:03:21 - DEBUG	| calculated.part_ocr:746 - 0/0/0 -  {}
16:03:21 - DEBUG	| calculated.click_target:363 - 0/0/0 -  边缘通路
16:03:21 - DEBUG	| calculated.click_target:367 - 0/0/0 -  None
16:03:22 - DEBUG	| calculated.part_ocr:746 - 0/0/0 -  {}
16:03:22 - DEBUG	| calculated.click_target:363 - 0/0/0 -  边缘通路
16:03:22 - DEBUG	| calculated.click_target:367 - 0/0/0 -  None
16:03:22 - DEBUG	| calculated.part_ocr:746 - 0/0/0 -  {}
16:03:22 - DEBUG	| calculated.click_target:363 - 0/0/0 -  边缘通路
16:03:22 - DEBUG	| calculated.click_target:367 - 0/0/0 -  None
16:03:22 - DEBUG	| calculated.part_ocr:746 - 0/0/0 -  {}
16:03:22 - DEBUG	| calculated.click_target:363 - 0/0/0 -  边缘通路
16:03:22 - DEBUG	| calculated.click_target:367 - 0/0/0 -  None
16:03:22 - DEBUG	| calculated.part_ocr:746 - 0/0/0 -  {}
16:03:22 - DEBUG	| calculated.click_target:363 - 0/0/0 -  边缘通路
16:03:22 - DEBUG	| calculated.click_target:367 - 0/0/0 -  None
16:03:22 - DEBUG	| calculated.part_ocr:746 - 0/0/0 -  {}
16:03:22 - DEBUG	| calculated.click_target:363 - 0/0/0 -  边缘通路
16:03:22 - DEBUG	| calculated.click_target:367 - 0/0/0 -  None
16:03:22 - DEBUG	| calculated.part_ocr:746 - 0/0/0 -  {}
16:03:22 - DEBUG	| calculated.click_target:363 - 0/0/0 -  边缘通路
16:03:22 - DEBUG	| calculated.click_target:367 - 0/0/0 -  None
16:03:22 - DEBUG	| calculated.part_ocr:746 - 0/0/0 -  {}
16:03:22 - DEBUG	| calculated.click_target:363 - 0/0/0 -  边缘通路
16:03:22 - DEBUG	| calculated.click_target:367 - 0/0/0 -  None
16:03:22 - DEBUG	| calculated.part_ocr:746 - 0/0/0 -  {}
16:03:22 - DEBUG	| calculated.click_target:363 - 0/0/0 -  边缘通路
16:03:22 - DEBUG	| calculated.click_target:367 - 0/0/0 -  None
16:03:22 - DEBUG	| calculated.part_ocr:746 - 0/0/0 -  {}
16:03:22 - DEBUG	| calculated.click_target:363 - 0/0/0 -  边缘通路
16:03:22 - DEBUG	| calculated.click_target:367 - 0/0/0 -  None
16:03:22 - DEBUG	| calculated.part_ocr:746 - 0/0/0 -  {}
16:03:22 - DEBUG	| calculated.click_target:363 - 0/0/0 -  边缘通路
16:03:22 - DEBUG	| calculated.click_target:367 - 0/0/0 -  None
16:03:22 - DEBUG	| calculated.part_ocr:746 - 0/0/0 -  {}
16:03:22 - DEBUG	| calculated.click_target:363 - 0/0/0 -  边缘通路
16:03:22 - DEBUG	| calculated.click_target:367 - 0/0/0 -  None
16:03:22 - DEBUG	| calculated.part_ocr:746 - 0/0/0 -  {}
16:03:22 - DEBUG	| calculated.click_target:363 - 0/0/0 -  边缘通路
16:03:22 - DEBUG	| calculated.click_target:367 - 0/0/0 -  None
16:03:22 - DEBUG	| calculated.part_ocr:746 - 0/0/0 -  {}
16:03:22 - DEBUG	| calculated.click_target:363 - 0/0/0 -  边缘通路
16:03:22 - DEBUG	| calculated.click_target:367 - 0/0/0 -  None
16:03:22 - DEBUG	| calculated.part_ocr:746 - 0/0/0 -  {}
16:03:22 - DEBUG	| calculated.click_target:363 - 0/0/0 -  边缘通路
16:03:22 - DEBUG	| calculated.click_target:367 - 0/0/0 -  None
16:03:22 - DEBUG	| calculated.part_ocr:746 - 0/0/0 -  {}
16:03:22 - DEBUG	| calculated.click_target:363 - 0/0/0 -  边缘通路
16:03:22 - DEBUG	| calculated.click_target:367 - 0/0/0 -  None
16:03:23 - DEBUG	| calculated.part_ocr:746 - 0/0/0 -  {'': (2208, 867)}
16:03:23 - DEBUG	| calculated.click_target:363 - 0/0/0 -  边缘通路
16:03:23 - DEBUG	| calculated.click_target:367 - 0/0/0 -  None
16:03:23 - DEBUG	| calculated.part_ocr:746 - 0/0/0 -  {'观景车厢': (2185, 292), '行政区': (2171, 388), '城郊雪原': (2187, 483), '边缘通路': (2184, 577), '铁卫禁区': (2185, 675), '残响回廊': (2186, 771), '永冬岭': (2172, 866), '磐岩镇': (2172, 963), '大矿区': (2172, 1058)}
16:03:23 - DEBUG	| calculated.click_target:363 - 0/0/0 -  边缘通路
16:03:23 - DEBUG	| calculated.click_target:367 - 0/0/0 -  (2184, 577)
16:03:23 - DEBUG	| calculated.appoint_click:102 - 0/0/0 -  (2184, 577)
16:03:23 - DEBUG	| calculated.appoint_click:108 - 0/0/0 -  [216, 216, 216]
16:03:23 - DEBUG	| calculated.appoint_click:102 - 0/0/0 -  (2184, 577)
16:03:24 - DEBUG	| calculated.appoint_click:108 - 0/0/0 -  [169, 169, 169]
16:03:24 - DEBUG	| calculated.appoint_click:102 - 0/0/0 -  (2184, 577)
16:03:24 - DEBUG	| calculated.appoint_click:108 - 0/0/0 -  [40, 40, 40]
16:03:24 - INFO	| calculated.click_target:389 - 0/0/0 -  map_2-2_point_1
16:03:24 - INFO	| calculated.click_target:398 - 0/0/0 -  0.9963559508323669
16:03:25 - DEBUG	| map.start_map:166 - 0/0/0 -  transfer.jpg
16:03:26 - INFO	| calculated.click_target:326 - 0/0/0 -  transfer
16:03:27 - DEBUG	| calculated.part_ocr_other:781 - 0/0/0 -  {'9': (688, 123), '导航': (740, 110), '雅利洛-V': (778, 139), ')49/180十': (2323, 120), '向7/8': (836, 218), '': (2080, 204), '候车广场': (2176, 205), '此处曾是贝洛伯格重要的交通枢纽之一': (2254, 282), '从这里出发，人们可以抵达城市的任何角': (2271, 319), '落。': (2074, 358), '一': (1250, 1046), '十': (1619, 1046), '传送': (2271, 1031), 'uiD:102071012': (714, 1108), '内地图光标移动': (2405, 1109)}
16:03:27 - DEBUG	| calculated.ocr_pos:718 - 0/0/0 -  {'9': (688, 123), '导航': (740, 110), '雅利洛-V': (778, 139), ')49/180十': (2323, 120), '向7/8': (836, 218), '': (2080, 204), '候车广场': (2176, 205), '此处曾是贝洛伯格重要的交通枢纽之一': (2254, 282), '从这里出发，人们可以抵达城市的任何角': (2271, 319), '落。': (2074, 358), '一': (1250, 1046), '十': (1619, 1046), '传送': (2271, 1031), 'uiD:102071012': (714, 1108), '内地图光标移动': (2405, 1109)}
16:03:27 - DEBUG	| calculated.ocr_click:160 - 0/0/0 -  传送
16:03:28 - DEBUG	| calculated.wait_join:912 - 0/0/0 -  [0, 0, 212]
16:03:28 - DEBUG	| calculated.wait_join:912 - 0/0/0 -  [0, 0, 18]
16:03:28 - DEBUG	| calculated.wait_join:912 - 0/0/0 -  [0, 0, 18]
16:03:28 - DEBUG	| calculated.wait_join:912 - 0/0/0 -  [0, 0, 18]
16:03:28 - DEBUG	| calculated.wait_join:912 - 0/0/0 -  [0, 0, 18]
16:03:28 - DEBUG	| calculated.wait_join:912 - 0/0/0 -  [0, 0, 18]
16:03:29 - DEBUG	| calculated.wait_join:912 - 0/0/0 -  [0, 0, 18]
16:03:29 - DEBUG	| calculated.wait_join:912 - 0/0/0 -  [0, 0, 18]
16:03:29 - DEBUG	| calculated.wait_join:912 - 0/0/0 -  [0, 0, 18]
16:03:29 - DEBUG	| calculated.wait_join:912 - 0/0/0 -  [0, 0, 18]
16:03:29 - DEBUG	| calculated.wait_join:912 - 0/0/0 -  [0, 0, 18]
16:03:29 - DEBUG	| calculated.wait_join:912 - 0/0/0 -  [0, 0, 18]
16:03:29 - DEBUG	| calculated.wait_join:912 - 0/0/0 -  [120, 2, 220]
16:03:30 - DEBUG	| calculated.wait_join:912 - 0/0/0 -  [0, 0, 239]
16:03:30 - INFO	| calculated.wait_join:914 - 0/0/0 -  已进入地图
16:03:32 - INFO	| map.start_map:71 - 0/0/0 -  开始寻路
16:03:32 - ERROR	| exceptions.__init__:18 - 0/0/0 -  Stop World
16:03:32 - DEBUG	| exceptions.__init__:19 - 0/0/0 -  NoneType: None

17:20:07 - INFO	| update_file.update_file_main:417 - 0/0/0 -  [资源文件更新]即将资源文件更新，本操作会覆盖本地图片文件..
17:20:07 - INFO	| update_file.is_latest:223 - 0/0/0 -  [资源文件更新]正在检查远程版本是否有更新...
17:20:09 - INFO	| update_file.is_latest:246 - 0/0/0 -  [资源文件更新]获取远程版本成功: 20230725120009
17:20:09 - INFO	| update_file.update_file:305 - 0/0/0 -  [资源文件更新]本地版本与远程版本不符，开始更新资源文件->https://raw.githubusercontent.com/Starry-Wind/StarRailAssistant/map/picture.zip
17:20:15 - INFO	| update_file.update_file:317 - 0/0/0 -  [资源文件更新]下载压缩包失败: 
17:20:15 - INFO	| update_file.update_file:318 - 0/0/0 -  将在10秒后重试，你可能需要设置代理
17:20:31 - INFO	| update_file.update_file:317 - 0/0/0 -  [资源文件更新]下载压缩包失败: 
17:20:31 - INFO	| update_file.update_file:318 - 0/0/0 -  将在10秒后重试，你可能需要设置代理
