11:22:49 - DEBUG	| config.read_maps:158 - 0/0/0 -  []
11:22:49 - DEBUG	| config.read_maps:159 - 0/0/0 -  {}
11:22:49 - INFO	| map.auto_map:124 - 0/0/0 -  (1273, 702)
11:23:22 - DEBUG	| config.read_maps:158 - 0/0/0 -  []
11:23:22 - DEBUG	| config.read_maps:159 - 0/0/0 -  {}
11:23:22 - INFO	| map.auto_map:124 - 0/0/0 -  (1273, 702)
11:23:41 - DEBUG	| config.read_maps:158 - 0/0/0 -  []
11:23:41 - DEBUG	| config.read_maps:159 - 0/0/0 -  {}
11:23:41 - INFO	| map.auto_map:124 - 0/0/0 -  (1273, 702)
11:23:41 - DEBUG	| calculated.part_ocr:746 - 0/0/0 -  {}
11:23:41 - INFO	| map.auto_map:128 - 0/0/0 -  dict_keys([])
11:23:41 - INFO	| map.start_map:198 - 0/0/0 -  åœ°å›¾ç¼–å· 2-1_2 ä¸å­˜åœ¨ï¼Œè¯·å°è¯•æ£€æŸ¥æ›´æ–°
11:23:41 - INFO	| map.start_map:198 - 0/0/0 -  åœ°å›¾ç¼–å· 2-1_2 ä¸å­˜åœ¨ï¼Œè¯·å°è¯•æ£€æŸ¥æ›´æ–°
11:26:43 - DEBUG	| config.read_maps:158 - 0/0/0 -  []
11:26:43 - DEBUG	| config.read_maps:159 - 0/0/0 -  {}
11:26:43 - INFO	| map.auto_map:124 - 0/0/0 -  (1273, 702)
11:26:43 - DEBUG	| calculated.part_ocr:746 - 0/0/0 -  {}
11:26:43 - INFO	| map.auto_map:128 - 0/0/0 -  dict_keys([])
11:26:43 - INFO	| map.start_map:198 - 0/0/0 -  åœ°å›¾ç¼–å· map_2-2_2 ä¸å­˜åœ¨ï¼Œè¯·å°è¯•æ£€æŸ¥æ›´æ–°
11:26:43 - INFO	| map.start_map:198 - 0/0/0 -  åœ°å›¾ç¼–å· map_2-2_2 ä¸å­˜åœ¨ï¼Œè¯·å°è¯•æ£€æŸ¥æ›´æ–°
11:30:23 - DEBUG	| config.read_maps:158 - 0/0/0 -  []
11:30:23 - DEBUG	| config.read_maps:159 - 0/0/0 -  {}
11:30:23 - INFO	| map.auto_map:124 - 0/0/0 -  (1273, 702)
11:30:23 - DEBUG	| calculated.part_ocr:746 - 0/0/0 -  {}
11:30:23 - INFO	| map.auto_map:128 - 0/0/0 -  dict_keys([])
11:30:23 - INFO	| map.start_map:198 - 0/0/0 -  åœ°å›¾ç¼–å· 2-1_2 ä¸å­˜åœ¨ï¼Œè¯·å°è¯•æ£€æŸ¥æ›´æ–°
11:30:23 - INFO	| map.start_map:198 - 0/0/0 -  åœ°å›¾ç¼–å· 2-1_2 ä¸å­˜åœ¨ï¼Œè¯·å°è¯•æ£€æŸ¥æ›´æ–°
11:31:05 - DEBUG	| config.read_maps:158 - 0/0/0 -  []
11:31:05 - DEBUG	| config.read_maps:159 - 0/0/0 -  {}
11:31:05 - INFO	| map.auto_map:124 - 0/0/0 -  (1273, 702)
11:31:05 - DEBUG	| calculated.part_ocr:746 - 0/0/0 -  {}
11:31:05 - INFO	| map.auto_map:128 - 0/0/0 -  dict_keys([])
11:31:05 - INFO	| map.start_map:199 - 0/0/0 -  åœ°å›¾ç¼–å· 2-1_2 ä¸å­˜åœ¨ï¼Œè¯·å°è¯•æ£€æŸ¥æ›´æ–°
11:31:05 - INFO	| map.start_map:199 - 0/0/0 -  åœ°å›¾ç¼–å· 2-1_2 ä¸å­˜åœ¨ï¼Œè¯·å°è¯•æ£€æŸ¥æ›´æ–°
12:40:02 - DEBUG	| map.start_map:154 - 0/0/0 -  map
12:40:44 - DEBUG	| map.start_map:154 - 0/0/0 -  map
12:40:46 - DEBUG	| calculated.part_ocr:746 - 0/0/0 -  {}
12:40:48 - DEBUG	| calculated.part_ocr:746 - 0/0/0 -  {}
12:40:49 - DEBUG	| calculated.part_ocr:746 - 0/0/0 -  {}
12:40:51 - DEBUG	| calculated.part_ocr:746 - 0/0/0 -  {}
12:40:52 - DEBUG	| calculated.part_ocr:746 - 0/0/0 -  {}
12:40:53 - DEBUG	| calculated.part_ocr:746 - 0/0/0 -  {}
12:40:55 - DEBUG	| calculated.part_ocr:746 - 0/0/0 -  {}
12:40:56 - DEBUG	| calculated.part_ocr:746 - 0/0/0 -  {}
12:40:58 - DEBUG	| calculated.part_ocr:746 - 0/0/0 -  {}
12:40:59 - DEBUG	| calculated.part_ocr:746 - 0/0/0 -  {}
12:41:00 - DEBUG	| calculated.part_ocr:746 - 0/0/0 -  {}
12:41:02 - DEBUG	| calculated.part_ocr:746 - 0/0/0 -  {}
12:41:03 - DEBUG	| calculated.part_ocr:746 - 0/0/0 -  {}
12:42:01 - INFO	| map.auto_map:125 - 0/0/0 -  (1273, 702)
12:43:26 - INFO	| map.auto_map:125 - 0/0/0 -  (1272, 703)
12:43:46 - INFO	| map.auto_map:125 - 0/0/0 -  (1273, 702)
12:44:27 - INFO	| map.auto_map:125 - 0/0/0 -  (1685, 1012)
12:44:51 - INFO	| map.auto_map:125 - 0/0/0 -  (1685, 1012)
12:45:10 - INFO	| map.auto_map:125 - 0/0/0 -  (1273, 702)
13:15:59 - INFO	| get_width.get_width:54 - 0/0/0 -  Real resolution: 1295 x 757 x 1.5 x False
13:15:59 - DEBUG	| map.start_map:154 - 0/0/0 -  map
13:16:01 - DEBUG	| calculated.part_ocr:746 - 0/0/0 -  {'iLAssista': (445, 321)}
13:16:03 - DEBUG	| calculated.part_ocr:746 - 0/0/0 -  {'æˆå“å›å³': (421, 306)}
13:16:04 - DEBUG	| calculated.part_ocr:746 - 0/0/0 -  {'å¯¼èˆª': (443, 328), '': (391, 347), 'é›…åˆ©æ´›-': (464, 357)}
13:16:04 - INFO	| calculated.open_map:946 - 0/0/0 -  è¿›å…¥åœ°å›¾
13:16:43 - INFO	| get_width.get_width:54 - 0/0/0 -  Real resolution: 1295 x 757 x 1.5 x False
13:16:43 - DEBUG	| map.start_map:154 - 0/0/0 -  map
13:16:45 - DEBUG	| calculated.part_ocr:746 - 0/0/0 -  {'å¯¼èˆª': (443, 328), '': (391, 347), 'é›…åˆ©æ´›-': (464, 357)}
13:16:45 - INFO	| calculated.open_map:946 - 0/0/0 -  è¿›å…¥åœ°å›¾
13:31:57 - INFO	| get_width.get_width:54 - 0/0/0 -  Real resolution: 158 x 26 x 1.5 x False
13:31:57 - DEBUG	| map.start_map:154 - 0/0/0 -  map
13:32:00 - DEBUG	| calculated.part_ocr:746 - 0/0/0 -  {}
13:32:01 - DEBUG	| calculated.part_ocr:746 - 0/0/0 -  {}
13:32:02 - DEBUG	| calculated.part_ocr:746 - 0/0/0 -  {}
13:32:04 - DEBUG	| calculated.part_ocr:746 - 0/0/0 -  {}
13:32:05 - DEBUG	| calculated.part_ocr:746 - 0/0/0 -  {}
13:32:07 - DEBUG	| calculated.part_ocr:746 - 0/0/0 -  {}
13:32:08 - DEBUG	| calculated.part_ocr:746 - 0/0/0 -  {}
13:32:09 - DEBUG	| calculated.part_ocr:746 - 0/0/0 -  {}
13:32:11 - DEBUG	| calculated.part_ocr:746 - 0/0/0 -  {}
13:32:12 - DEBUG	| calculated.part_ocr:746 - 0/0/0 -  {}
13:32:23 - INFO	| get_width.get_width:54 - 0/0/0 -  Real resolution: 158 x 26 x 1.5 x False
13:32:23 - DEBUG	| map.start_map:154 - 0/0/0 -  map
13:32:25 - DEBUG	| calculated.part_ocr:746 - 0/0/0 -  {}
13:32:27 - DEBUG	| calculated.part_ocr:746 - 0/0/0 -  {}
13:32:28 - DEBUG	| calculated.part_ocr:746 - 0/0/0 -  {}
13:32:30 - DEBUG	| calculated.part_ocr:746 - 0/0/0 -  {}
13:32:31 - DEBUG	| calculated.part_ocr:746 - 0/0/0 -  {}
13:32:32 - DEBUG	| calculated.part_ocr:746 - 0/0/0 -  {}
13:32:34 - DEBUG	| calculated.part_ocr:746 - 0/0/0 -  {}
13:32:35 - DEBUG	| calculated.part_ocr:746 - 0/0/0 -  {}
13:32:37 - DEBUG	| calculated.part_ocr:746 - 0/0/0 -  {}
13:32:38 - DEBUG	| calculated.part_ocr:746 - 0/0/0 -  {}
13:32:39 - DEBUG	| calculated.part_ocr:746 - 0/0/0 -  {}
13:32:41 - DEBUG	| calculated.part_ocr:746 - 0/0/0 -  {}
13:32:42 - DEBUG	| calculated.part_ocr:746 - 0/0/0 -  {}
13:32:44 - DEBUG	| calculated.part_ocr:746 - 0/0/0 -  {}
13:32:45 - DEBUG	| calculated.part_ocr:746 - 0/0/0 -  {}
13:38:55 - INFO	| get_width.get_width:54 - 0/0/0 -  Real resolution: 1295 x 757 x 1.5 x False
13:38:55 - DEBUG	| map.start_map:154 - 0/0/0 -  map
13:38:58 - DEBUG	| calculated.part_ocr:746 - 0/0/0 -  {'å¯¼èˆª': (443, 328), '': (392, 347), 'ç©ºé—´ç«™': (460, 357)}
13:38:58 - INFO	| calculated.open_map:946 - 0/0/0 -  è¿›å…¥åœ°å›¾
13:41:53 - INFO	| get_width.get_width:54 - 0/0/0 -  Real resolution: 158 x 26 x 1.5 x False
13:41:53 - DEBUG	| map.start_map:154 - 0/0/0 -  map
13:41:55 - DEBUG	| calculated.part_ocr:748 - 0/0/0 -  {}
13:41:57 - DEBUG	| calculated.part_ocr:748 - 0/0/0 -  {}
13:41:58 - DEBUG	| calculated.part_ocr:748 - 0/0/0 -  {}
13:42:00 - DEBUG	| calculated.part_ocr:748 - 0/0/0 -  {}
13:43:45 - INFO	| get_width.get_width:54 - 0/0/0 -  Real resolution: 158 x 26 x 1.5 x False
13:43:45 - DEBUG	| map.start_map:154 - 0/0/0 -  map
13:43:47 - DEBUG	| calculated.part_ocr:748 - 0/0/0 -  {}
13:44:13 - INFO	| get_width.get_width:54 - 0/0/0 -  Real resolution: 158 x 26 x 1.5 x False
13:44:13 - DEBUG	| map.start_map:154 - 0/0/0 -  map
13:44:16 - DEBUG	| calculated.part_ocr:749 - 0/0/0 -  {}
13:44:17 - DEBUG	| calculated.part_ocr:749 - 0/0/0 -  {}
13:49:07 - INFO	| get_width.get_width:54 - 0/0/0 -  Real resolution: 158 x 26 x 1.5 x False
13:49:07 - DEBUG	| map.start_map:154 - 0/0/0 -  map
13:49:10 - DEBUG	| calculated.part_ocr:748 - 0/0/0 -  {}
13:49:11 - DEBUG	| calculated.part_ocr:748 - 0/0/0 -  {}
13:49:13 - DEBUG	| calculated.part_ocr:748 - 0/0/0 -  {}
13:49:14 - DEBUG	| calculated.part_ocr:748 - 0/0/0 -  {}
13:49:15 - DEBUG	| calculated.part_ocr:748 - 0/0/0 -  {}
13:49:17 - DEBUG	| calculated.part_ocr:748 - 0/0/0 -  {}
13:49:18 - DEBUG	| calculated.part_ocr:748 - 0/0/0 -  {}
13:49:20 - DEBUG	| calculated.part_ocr:748 - 0/0/0 -  {}
13:50:01 - INFO	| get_width.get_width:54 - 0/0/0 -  Real resolution: 1295 x 757 x 1.5 x False
13:50:02 - DEBUG	| map.start_map:154 - 0/0/0 -  map
13:50:04 - DEBUG	| calculated.part_ocr:748 - 0/0/0 -  {'å¯¼èˆª': (443, 328), '': (392, 347), 'ç©ºé—´ç«™': (460, 357)}
13:50:04 - INFO	| calculated.open_map:948 - 0/0/0 -  è¿›å…¥åœ°å›¾
22:44:41 - ERROR	| exceptions.__init__:18 - 0/0/0 -  ä½ æ¸¸æˆæ²¡å¼€ï¼Œæˆ‘çœŸæœäº†
22:44:41 - DEBUG	| exceptions.__init__:19 - 0/0/0 -  NoneType: None

22:46:04 - ERROR	| exceptions.__init__:18 - 0/0/0 -  ä½ æ¸¸æˆæ²¡å¼€ï¼Œæˆ‘çœŸæœäº†
22:46:04 - DEBUG	| exceptions.__init__:19 - 0/0/0 -  NoneType: None

22:46:39 - ERROR	| exceptions.__init__:18 - 0/0/0 -  ä½ æ¸¸æˆæ²¡å¼€ï¼Œæˆ‘çœŸæœäº†
22:46:39 - DEBUG	| exceptions.__init__:19 - 0/0/0 -  NoneType: None

22:47:11 - ERROR	| exceptions.__init__:18 - 0/0/0 -  ä½ æ¸¸æˆæ²¡å¼€ï¼Œæˆ‘çœŸæœäº†
22:47:11 - DEBUG	| exceptions.__init__:19 - 0/0/0 -  NoneType: None

22:49:40 - ERROR	| exceptions.__init__:18 - 0/0/0 -  ä½ æ¸¸æˆæ²¡å¼€ï¼Œæˆ‘çœŸæœäº†
22:49:40 - DEBUG	| exceptions.__init__:19 - 0/0/0 -  NoneType: None

22:50:52 - ERROR	| exceptions.__init__:18 - 0/0/0 -  ä½ æ¸¸æˆæ²¡å¼€ï¼Œæˆ‘çœŸæœäº†
22:50:52 - DEBUG	| exceptions.__init__:19 - 0/0/0 -  NoneType: None

22:54:00 - ERROR	| exceptions.__init__:18 - 0/0/0 -  ä½ æ¸¸æˆæ²¡å¼€ï¼Œæˆ‘çœŸæœäº†
22:54:00 - DEBUG	| exceptions.__init__:19 - 0/0/0 -  NoneType: None

22:54:33 - INFO	| get_width.get_width:57 - 0/0/0 -  Real resolution: 1295 x 757 x 1.5 x False
22:55:09 - INFO	| get_width.get_width:57 - 0/0/0 -  Real resolution: 158 x 26 x 1.5 x False
22:57:45 - INFO	| get_width.get_width:57 - 0/0/0 -  Real resolution: 158 x 26 x 1.5 x False
22:58:25 - INFO	| get_width.get_width:57 - 0/0/0 -  Real resolution: 158 x 26 x 1.5 x False
23:02:59 - INFO	| get_width.get_width:57 - 0/0/0 -  Real resolution: 1295 x 757 x 1.5 x False
23:03:00 - DEBUG	| config.read_maps:159 - 0/0/0 -  []
23:03:00 - DEBUG	| config.read_maps:160 - 0/0/0 -  {}
23:03:00 - INFO	| map.auto_map:124 - 0/0/0 -  start = 1-1_1
23:03:00 - INFO	| map.auto_map:126 - 0/0/0 -  (1920, 1081)
23:03:17 - INFO	| get_width.get_width:57 - 0/0/0 -  Real resolution: 1295 x 757 x 1.5 x False
23:03:17 - DEBUG	| config.read_maps:159 - 0/0/0 -  []
23:03:17 - DEBUG	| config.read_maps:160 - 0/0/0 -  {}
23:03:17 - INFO	| map.auto_map:124 - 0/0/0 -  start = 1-1_1
23:03:17 - INFO	| map.auto_map:126 - 0/0/0 -  (1920, 1081)
23:03:17 - DEBUG	| calculated.part_ocr:746 - 0/0/0 -  {}
23:03:17 - INFO	| map.auto_map:130 - 0/0/0 -  dict_keys([])
23:03:17 - INFO	| map.start_map:135 - 0/0/0 -  start_map = 1-1_1
23:03:17 - INFO	| map.start_map:201 - 0/0/0 -  åœ°å›¾ç¼–å· 1-1_1 ä¸å­˜åœ¨ï¼Œè¯·å°è¯•æ£€æŸ¥æ›´æ–°
23:03:17 - INFO	| map.start_map:135 - 0/0/0 -  start_map = 1-1_1
23:03:17 - INFO	| map.start_map:201 - 0/0/0 -  åœ°å›¾ç¼–å· 1-1_1 ä¸å­˜åœ¨ï¼Œè¯·å°è¯•æ£€æŸ¥æ›´æ–°
23:03:59 - INFO	| get_width.get_width:57 - 0/0/0 -  Real resolution: 1295 x 757 x 1.5 x False
23:03:59 - DEBUG	| config.read_maps:159 - 0/0/0 -  []
23:03:59 - DEBUG	| config.read_maps:160 - 0/0/0 -  {}
23:03:59 - INFO	| map.auto_map:124 - 0/0/0 -  start = 1-1_1
23:03:59 - INFO	| map.auto_map:126 - 0/0/0 -  (1920, 1081)
23:03:59 - DEBUG	| calculated.part_ocr:746 - 0/0/0 -  {}
23:03:59 - INFO	| map.auto_map:130 - 0/0/0 -  dict_keys([])
23:03:59 - INFO	| map.start_map:135 - 0/0/0 -  start_map = 1-1_1
23:03:59 - INFO	| map.start_map:201 - 0/0/0 -  åœ°å›¾ç¼–å· 1-1_1 ä¸å­˜åœ¨ï¼Œè¯·å°è¯•æ£€æŸ¥æ›´æ–°
23:03:59 - INFO	| map.start_map:135 - 0/0/0 -  start_map = 1-1_1
23:03:59 - INFO	| map.start_map:201 - 0/0/0 -  åœ°å›¾ç¼–å· 1-1_1 ä¸å­˜åœ¨ï¼Œè¯·å°è¯•æ£€æŸ¥æ›´æ–°
23:04:20 - INFO	| get_width.get_width:57 - 0/0/0 -  Real resolution: 1295 x 757 x 1.5 x False
23:04:21 - DEBUG	| config.read_maps:159 - 0/0/0 -  []
23:04:21 - DEBUG	| config.read_maps:160 - 0/0/0 -  {}
23:04:21 - INFO	| map.auto_map:124 - 0/0/0 -  start = 1-1_1
23:04:21 - INFO	| map.auto_map:126 - 0/0/0 -  (1920, 1081)
23:04:21 - DEBUG	| calculated.part_ocr:746 - 0/0/0 -  {}
23:04:21 - INFO	| map.auto_map:130 - 0/0/0 -  dict_keys([])
23:04:21 - INFO	| map.start_map:135 - 0/0/0 -  start_map = 1-1_1
23:04:21 - INFO	| map.start_map:201 - 0/0/0 -  åœ°å›¾ç¼–å· 1-1_1 ä¸å­˜åœ¨ï¼Œè¯·å°è¯•æ£€æŸ¥æ›´æ–°
23:04:21 - INFO	| map.start_map:135 - 0/0/0 -  start_map = 1-1_1
23:04:21 - INFO	| map.start_map:201 - 0/0/0 -  åœ°å›¾ç¼–å· 1-1_1 ä¸å­˜åœ¨ï¼Œè¯·å°è¯•æ£€æŸ¥æ›´æ–°
23:06:08 - INFO	| get_width.get_width:57 - 0/0/0 -  Real resolution: 1295 x 757 x 1.5 x False
23:06:09 - DEBUG	| config.read_maps:159 - 0/0/0 -  []
23:06:09 - DEBUG	| config.read_maps:160 - 0/0/0 -  {}
23:06:09 - INFO	| map.auto_map:124 - 0/0/0 -  start = 1-1_1
23:06:09 - INFO	| map.auto_map:126 - 0/0/0 -  (1920, 1081)
23:06:09 - DEBUG	| calculated.part_ocr:746 - 0/0/0 -  {}
23:06:09 - INFO	| map.auto_map:130 - 0/0/0 -  dict_keys([])
23:06:09 - INFO	| map.start_map:135 - 0/0/0 -  start_map = 1-1_1
23:06:09 - INFO	| map.start_map:201 - 0/0/0 -  åœ°å›¾ç¼–å· 1-1_1 ä¸å­˜åœ¨ï¼Œè¯·å°è¯•æ£€æŸ¥æ›´æ–°
23:06:09 - INFO	| map.start_map:135 - 0/0/0 -  start_map = 1-1_1
23:06:09 - INFO	| map.start_map:201 - 0/0/0 -  åœ°å›¾ç¼–å· 1-1_1 ä¸å­˜åœ¨ï¼Œè¯·å°è¯•æ£€æŸ¥æ›´æ–°
23:19:08 - INFO	| get_width.get_width:57 - 0/0/0 -  Real resolution: 1295 x 757 x 1.5 x False
23:19:08 - DEBUG	| config.read_maps:159 - 0/0/0 -  []
23:19:08 - DEBUG	| config.read_maps:160 - 0/0/0 -  {}
23:19:08 - INFO	| map.auto_map:124 - 0/0/0 -  start = 1-1_1
23:19:08 - INFO	| map.auto_map:126 - 0/0/0 -  (1920, 1081)
23:19:09 - DEBUG	| calculated.part_ocr:746 - 0/0/0 -  {}
23:19:09 - INFO	| map.auto_map:130 - 0/0/0 -  dict_keys([])
23:19:09 - INFO	| map.start_map:135 - 0/0/0 -  start_map = 1-1_1
23:19:09 - INFO	| map.start_map:201 - 0/0/0 -  åœ°å›¾ç¼–å· 1-1_1 ä¸å­˜åœ¨ï¼Œè¯·å°è¯•æ£€æŸ¥æ›´æ–°
23:19:09 - INFO	| map.start_map:135 - 0/0/0 -  start_map = 1-1_1
23:19:09 - INFO	| map.start_map:201 - 0/0/0 -  åœ°å›¾ç¼–å· 1-1_1 ä¸å­˜åœ¨ï¼Œè¯·å°è¯•æ£€æŸ¥æ›´æ–°
23:29:03 - INFO	| get_width.get_width:57 - 0/0/0 -  Real resolution: 158 x 26 x 1.5 x False
23:29:04 - DEBUG	| config.read_maps:159 - 0/0/0 -  []
23:29:04 - DEBUG	| config.read_maps:160 - 0/0/0 -  {}
23:29:04 - INFO	| map.auto_map:124 - 0/0/0 -  start = 1-1_1
23:29:04 - INFO	| map.auto_map:126 - 0/0/0 -  (1920, 1080)
23:29:04 - DEBUG	| calculated.part_ocr:746 - 0/0/0 -  {}
23:29:04 - INFO	| map.auto_map:130 - 0/0/0 -  dict_keys([])
23:29:04 - INFO	| map.start_map:135 - 0/0/0 -  start_map = 1-1_1
23:29:04 - INFO	| map.start_map:201 - 0/0/0 -  åœ°å›¾ç¼–å· 1-1_1 ä¸å­˜åœ¨ï¼Œè¯·å°è¯•æ£€æŸ¥æ›´æ–°
23:29:04 - INFO	| map.start_map:135 - 0/0/0 -  start_map = 1-1_1
23:29:04 - INFO	| map.start_map:201 - 0/0/0 -  åœ°å›¾ç¼–å· 1-1_1 ä¸å­˜åœ¨ï¼Œè¯·å°è¯•æ£€æŸ¥æ›´æ–°
23:29:25 - INFO	| get_width.get_width:57 - 0/0/0 -  Real resolution: 158 x 26 x 1.5 x False
23:29:26 - DEBUG	| config.read_maps:159 - 0/0/0 -  []
23:29:26 - DEBUG	| config.read_maps:160 - 0/0/0 -  {}
23:29:26 - INFO	| map.auto_map:124 - 0/0/0 -  start = 1-1_1
23:29:26 - INFO	| map.auto_map:126 - 0/0/0 -  (1920, 1080)
23:30:36 - INFO	| get_width.get_width:57 - 0/0/0 -  Real resolution: 1295 x 757 x 1.5 x False
23:30:36 - DEBUG	| config.read_maps:159 - 0/0/0 -  ['map_1-1_1.json', 'map_1-2_1.json', 'map_1-2_2.json', 'map_1-2_3.json', 'map_1-3_1.json', 'map_1-3_2.json', 'map_1-3_3.json', 'map_1-3_4.json', 'map_2-1_1.json', 'map_2-1_2.json', 'map_2-2_1.json', 'map_2-2_2.json', 'map_2-3_1.json', 'map_2-3_2.json', 'map_2-3_3.json', 'map_2-3_4.json', 'map_2-3_5.json', 'map_2-4_1.json', 'map_2-4_2.json', 'map_2-5_1.json', 'map_2-5_2.json', 'map_2-5_3.json', 'map_2-5_4.json', 'map_2-6_1.json', 'map_2-6_2.json', 'map_2-7_1.json', 'map_2-7_2.json', 'map_2-7_3.json', 'map_3-1_1.json', 'map_3-1_2.json', 'map_3-1_3.json', 'map_3-1_4.json', 'map_3-1_5.json', 'map_3-1_6.json', 'map_3-2_1.json', 'map_3-2_2.json', 'map_3-2_3.json', 'map_3-2_4.json', 'map_3-2_5.json', 'map_3-3_1.json', 'map_3-3_2.json', 'map_3-3_3.json', 'map_3-3_4.json', 'map_3-3_5.json', 'map_3-3_6.json', 'map_3-4_1.json', 'map_3-4_2.json', 'map_3-4_3.json', 'map_3-4_4.json', 'map_3-4_5.json', 'map_3-4_6.json', 'map_3-4_7.json', 'map_3-5_1.json', 'map_3-5_2.json', 'map_3-5_3.json', 'map_3-5_4.json', 'map_3-5_5.json', 'map_3-5_6.json', 'map_3-5_7.json', 'map_3-6_1.json', 'map_3-6_2.json', 'map_3-6_3.json', 'map_3-6_4.json', 'map_3-6_5.json', 'map_3-6_6.json']
23:30:36 - DEBUG	| config.read_maps:160 - 0/0/0 -  {'1': {'1_1': 'åŸºåº§èˆ±æ®µ-1', '2_1': 'æ”¶å®¹èˆ±æ®µ-1', '2_2': 'æ”¶å®¹èˆ±æ®µ-2', '2_3': 'æ”¶å®¹èˆ±æ®µ-3', '3_1': 'æ”¯æ´èˆ±æ®µ-1', '3_2': 'æ”¯æ´èˆ±æ®µ-2', '3_3': 'æ”¯æ´èˆ±æ®µ-3', '3_4': 'æ”¯æ´èˆ±æ®µ-4'}, '2': {'1_1': 'åŸéƒŠé›ªåŸ-1', '1_2': 'åŸéƒŠé›ªåŸ-2', '2_1': 'è¾¹ç¼˜é“è·¯-1', '2_2': 'è¾¹ç¼˜é“è·¯-2', '3_1': 'æ®‹å“å›å»Š-1', '3_2': 'æ®‹å“å›å»Š-2', '3_3': 'æ®‹å“å›å»Š-3', '3_4': 'æ®‹å“å›å»Š-4', '3_5': 'æ®‹å“å›å»Š-5', '4_1': 'æ°¸å†¬å²­-1', '4_2': 'æ°¸å†¬å²­-2', '5_1': 'å¤§çŸ¿åŒº-1', '5_2': 'å¤§çŸ¿åŒº-2', '5_3': 'å¤§çŸ¿åŒº-3', '5_4': 'å¤§çŸ¿åŒº-4', '6_1': 'é“†é’‰é•‡-1', '6_2': 'é“†é’‰é•‡-2', '7_1': 'æœºå™¨èšè½-1', '7_2': 'æœºå™¨èšè½-2', '7_3': 'æœºå™¨èšè½-3'}, '3': {'1_1': 'æµäº‘æ¸¡-1', '1_2': 'æµäº‘æ¸¡-2', '1_3': 'æµäº‘æ¸¡-3', '1_4': 'æµäº‘æ¸¡-4', '1_5': 'æµäº‘æ¸¡-5', '1_6': 'æµäº‘æ¸¡-6', '2_1': 'è¿¥æ˜Ÿæ¸¯-1', '2_2': 'è¿¥æ˜Ÿæ¸¯-2', '2_3': 'è¿¥æ˜Ÿæ¸¯-3', '2_4': 'è¿¥æ˜Ÿæ¸¯-4', '2_5': 'è¿¥æ˜Ÿæ¸¯-5', '3_1': 'å¤ªåœå¸-1', '3_2': 'å¤ªåœå¸-2', '3_3': 'å¤ªåœå¸-3', '3_4': 'å¤ªåœå¸-4', '3_5': 'å¤ªåœå¸-5', '3_6': 'å¤ªåœå¸-6', '4_1': 'å·¥é€ å¸-1', '4_2': 'å·¥é€ å¸-2', '4_3': 'å·¥é€ å¸-3', '4_4': 'å·¥é€ å¸-4', '4_5': 'å·¥é€ å¸-5', '4_6': 'å·¥é€ å¸-6', '4_7': 'å·¥é€ å¸-7', '5_1': 'ä¸¹é¼å¸-1', '5_2': 'ä¸¹é¼å¸-2', '5_3': 'ä¸¹é¼å¸-3', '5_4': 'ä¸¹é¼å¸-4', '5_5': 'ä¸¹é¼å¸-5', '5_6': 'ä¸¹é¼å¸-6', '5_7': 'ä¸¹é¼å¸-7', '6_1': 'é³æ¸Šå¢ƒ-1', '6_2': 'é³æ¸Šå¢ƒ-2', '6_3': 'é³æ¸Šå¢ƒ-3', '6_4': 'é³æ¸Šå¢ƒ-4', '6_5': 'é³æ¸Šå¢ƒ-5', '6_6': 'é³æ¸Šå¢ƒ-6'}}
23:30:36 - INFO	| map.auto_map:124 - 0/0/0 -  start = 1-1_1
23:30:36 - INFO	| map.auto_map:126 - 0/0/0 -  (1920, 1081)
23:30:37 - DEBUG	| calculated.part_ocr:746 - 0/0/0 -  {}
23:30:37 - INFO	| map.auto_map:130 - 0/0/0 -  dict_keys([])
23:30:37 - INFO	| map.start_map:135 - 0/0/0 -  start_map = 1-1_1
23:30:37 - INFO	| requests.webhook_and_log:99 - 0/0/0 -  å¼€å§‹[0;34;40måŸºåº§èˆ±æ®µ-1[0mé”„åœ°
23:30:37 - INFO	| map.start_map:154 - 0/0/0 -  è¯¥è·¯çº¿å¯¼èˆªä½œè€…ï¼š[0;31;40mStarry-Wind,å°æ˜[0m
23:30:37 - INFO	| map.start_map:155 - 0/0/0 -  æ„Ÿè°¢æ¯ä¸€ä½æ— ç§å¥‰çŒ®çš„ä½œè€…
23:30:37 - DEBUG	| map.start_map:159 - 0/0/0 -  map
23:46:04 - INFO	| get_width.get_width:57 - 0/0/0 -  Real resolution: 1942 x 1136 x 1.0 x False
23:46:04 - DEBUG	| config.read_maps:159 - 0/0/0 -  ['map_1-1_1.json', 'map_1-2_1.json', 'map_1-2_2.json', 'map_1-2_3.json', 'map_1-3_1.json', 'map_1-3_2.json', 'map_1-3_3.json', 'map_1-3_4.json', 'map_2-1_1.json', 'map_2-1_2.json', 'map_2-2_1.json', 'map_2-2_2.json', 'map_2-3_1.json', 'map_2-3_2.json', 'map_2-3_3.json', 'map_2-3_4.json', 'map_2-3_5.json', 'map_2-4_1.json', 'map_2-4_2.json', 'map_2-5_1.json', 'map_2-5_2.json', 'map_2-5_3.json', 'map_2-5_4.json', 'map_2-6_1.json', 'map_2-6_2.json', 'map_2-7_1.json', 'map_2-7_2.json', 'map_2-7_3.json', 'map_3-1_1.json', 'map_3-1_2.json', 'map_3-1_3.json', 'map_3-1_4.json', 'map_3-1_5.json', 'map_3-1_6.json', 'map_3-2_1.json', 'map_3-2_2.json', 'map_3-2_3.json', 'map_3-2_4.json', 'map_3-2_5.json', 'map_3-3_1.json', 'map_3-3_2.json', 'map_3-3_3.json', 'map_3-3_4.json', 'map_3-3_5.json', 'map_3-3_6.json', 'map_3-4_1.json', 'map_3-4_2.json', 'map_3-4_3.json', 'map_3-4_4.json', 'map_3-4_5.json', 'map_3-4_6.json', 'map_3-4_7.json', 'map_3-5_1.json', 'map_3-5_2.json', 'map_3-5_3.json', 'map_3-5_4.json', 'map_3-5_5.json', 'map_3-5_6.json', 'map_3-5_7.json', 'map_3-6_1.json', 'map_3-6_2.json', 'map_3-6_3.json', 'map_3-6_4.json', 'map_3-6_5.json', 'map_3-6_6.json']
23:46:04 - DEBUG	| config.read_maps:160 - 0/0/0 -  {'1': {'1_1': 'åŸºåº§èˆ±æ®µ-1', '2_1': 'æ”¶å®¹èˆ±æ®µ-1', '2_2': 'æ”¶å®¹èˆ±æ®µ-2', '2_3': 'æ”¶å®¹èˆ±æ®µ-3', '3_1': 'æ”¯æ´èˆ±æ®µ-1', '3_2': 'æ”¯æ´èˆ±æ®µ-2', '3_3': 'æ”¯æ´èˆ±æ®µ-3', '3_4': 'æ”¯æ´èˆ±æ®µ-4'}, '2': {'1_1': 'åŸéƒŠé›ªåŸ-1', '1_2': 'åŸéƒŠé›ªåŸ-2', '2_1': 'è¾¹ç¼˜é“è·¯-1', '2_2': 'è¾¹ç¼˜é“è·¯-2', '3_1': 'æ®‹å“å›å»Š-1', '3_2': 'æ®‹å“å›å»Š-2', '3_3': 'æ®‹å“å›å»Š-3', '3_4': 'æ®‹å“å›å»Š-4', '3_5': 'æ®‹å“å›å»Š-5', '4_1': 'æ°¸å†¬å²­-1', '4_2': 'æ°¸å†¬å²­-2', '5_1': 'å¤§çŸ¿åŒº-1', '5_2': 'å¤§çŸ¿åŒº-2', '5_3': 'å¤§çŸ¿åŒº-3', '5_4': 'å¤§çŸ¿åŒº-4', '6_1': 'é“†é’‰é•‡-1', '6_2': 'é“†é’‰é•‡-2', '7_1': 'æœºå™¨èšè½-1', '7_2': 'æœºå™¨èšè½-2', '7_3': 'æœºå™¨èšè½-3'}, '3': {'1_1': 'æµäº‘æ¸¡-1', '1_2': 'æµäº‘æ¸¡-2', '1_3': 'æµäº‘æ¸¡-3', '1_4': 'æµäº‘æ¸¡-4', '1_5': 'æµäº‘æ¸¡-5', '1_6': 'æµäº‘æ¸¡-6', '2_1': 'è¿¥æ˜Ÿæ¸¯-1', '2_2': 'è¿¥æ˜Ÿæ¸¯-2', '2_3': 'è¿¥æ˜Ÿæ¸¯-3', '2_4': 'è¿¥æ˜Ÿæ¸¯-4', '2_5': 'è¿¥æ˜Ÿæ¸¯-5', '3_1': 'å¤ªåœå¸-1', '3_2': 'å¤ªåœå¸-2', '3_3': 'å¤ªåœå¸-3', '3_4': 'å¤ªåœå¸-4', '3_5': 'å¤ªåœå¸-5', '3_6': 'å¤ªåœå¸-6', '4_1': 'å·¥é€ å¸-1', '4_2': 'å·¥é€ å¸-2', '4_3': 'å·¥é€ å¸-3', '4_4': 'å·¥é€ å¸-4', '4_5': 'å·¥é€ å¸-5', '4_6': 'å·¥é€ å¸-6', '4_7': 'å·¥é€ å¸-7', '5_1': 'ä¸¹é¼å¸-1', '5_2': 'ä¸¹é¼å¸-2', '5_3': 'ä¸¹é¼å¸-3', '5_4': 'ä¸¹é¼å¸-4', '5_5': 'ä¸¹é¼å¸-5', '5_6': 'ä¸¹é¼å¸-6', '5_7': 'ä¸¹é¼å¸-7', '6_1': 'é³æ¸Šå¢ƒ-1', '6_2': 'é³æ¸Šå¢ƒ-2', '6_3': 'é³æ¸Šå¢ƒ-3', '6_4': 'é³æ¸Šå¢ƒ-4', '6_5': 'é³æ¸Šå¢ƒ-5', '6_6': 'é³æ¸Šå¢ƒ-6'}}
23:46:04 - INFO	| map.auto_map:126 - 0/0/0 -  start = 1-3_2
23:46:04 - INFO	| map.auto_map:128 - 0/0/0 -  (1920, 1080)
23:46:05 - DEBUG	| calculated.part_ocr:746 - 0/0/0 -  {'æ°å¸•å¾·': (2054, 597), 'ç™½éœ²': (2064, 690), 'åˆƒ': (2074, 784), 'è™å…‹': (2064, 878)}
23:46:05 - INFO	| map.auto_map:132 - 0/0/0 -  dict_keys(['æ°å¸•å¾·', 'ç™½éœ²', 'åˆƒ', 'è™å…‹'])
23:46:05 - INFO	| map.start_map:137 - 0/0/0 -  start_map = 1-3_2
23:46:05 - INFO	| requests.webhook_and_log:99 - 0/0/0 -  å¼€å§‹[0;34;40mæ”¯æ´èˆ±æ®µ-2[0mé”„åœ°
23:46:05 - INFO	| map.start_map:156 - 0/0/0 -  è¯¥è·¯çº¿å¯¼èˆªä½œè€…ï¼š[0;31;40mStarry-Wind,å°æ˜[0m
23:46:05 - INFO	| map.start_map:157 - 0/0/0 -  æ„Ÿè°¢æ¯ä¸€ä½æ— ç§å¥‰çŒ®çš„ä½œè€…
23:46:05 - DEBUG	| map.start_map:161 - 0/0/0 -  map
23:46:07 - DEBUG	| calculated.part_ocr:746 - 0/0/0 -  {'åŸºåº§åå…‰æ®µ': (422, 306), 'ä¸ƒé—¨': (459, 358)}
23:46:08 - DEBUG	| calculated.part_ocr:746 - 0/0/0 -  {'å¯¼èˆª': (443, 328), 'Y': (390, 347), 'ç©ºé—´ç«™': (460, 357)}
23:46:08 - INFO	| calculated.open_map:946 - 0/0/0 -  è¿›å…¥åœ°å›¾
23:46:09 - DEBUG	| map.start_map:161 - 0/0/0 -  map_1-3_point_3.jpg
23:46:10 - INFO	| calculated.click_target:326 - 0/0/0 -  orientation_1
23:46:10 - INFO	| calculated.click_target:328 - 0/0/0 -  é€‰æ‹©æ˜Ÿçƒ
23:46:10 - DEBUG	| calculated.part_ocr_other:781 - 0/0/0 -  {'æ˜Ÿè½¨èˆªå›¾': (1986, 414)}
23:46:10 - DEBUG	| calculated.ocr_pos:718 - 0/0/0 -  {'æ˜Ÿè½¨èˆªå›¾': (1986, 414)}
23:46:10 - DEBUG	| calculated.ocr_click:160 - 0/0/0 -  æ˜Ÿè½¨èˆªå›¾
23:46:11 - INFO	| calculated.click_target:389 - 0/0/0 -  orientation_2
23:46:12 - INFO	| calculated.click_target:398 - 0/0/0 -  0.9965817928314209
23:46:12 - INFO	| calculated.click_target:326 - 0/0/0 -  map_1-3
23:46:12 - INFO	| calculated.click_target:332 - 0/0/0 -  é€‰æ‹©åœ°å›¾
23:46:12 - DEBUG	| calculated.part_ocr:746 - 0/0/0 -  {'ä¸Šã€Œç½—æµ®': (1855, 1219)}
23:46:12 - DEBUG	| calculated.click_target:363 - 0/0/0 -  æ”¯æ´èˆ±æ®µ
23:46:12 - DEBUG	| calculated.click_target:367 - 0/0/0 -  None
23:46:12 - DEBUG	| calculated.part_ocr:746 - 0/0/0 -  {}
23:46:12 - DEBUG	| calculated.click_target:363 - 0/0/0 -  æ”¯æ´èˆ±æ®µ
23:46:12 - DEBUG	| calculated.click_target:367 - 0/0/0 -  None
23:46:12 - DEBUG	| calculated.part_ocr:746 - 0/0/0 -  {}
23:46:12 - DEBUG	| calculated.click_target:363 - 0/0/0 -  æ”¯æ´èˆ±æ®µ
23:46:12 - DEBUG	| calculated.click_target:367 - 0/0/0 -  None
23:46:12 - DEBUG	| calculated.part_ocr:746 - 0/0/0 -  {'': (1969, 1047)}
23:46:12 - DEBUG	| calculated.click_target:363 - 0/0/0 -  æ”¯æ´èˆ±æ®µ
23:46:12 - DEBUG	| calculated.click_target:367 - 0/0/0 -  None
23:46:13 - DEBUG	| calculated.part_ocr:746 - 0/0/0 -  {}
23:46:13 - DEBUG	| calculated.click_target:363 - 0/0/0 -  æ”¯æ´èˆ±æ®µ
23:46:13 - DEBUG	| calculated.click_target:367 - 0/0/0 -  None
23:46:13 - DEBUG	| calculated.part_ocr:746 - 0/0/0 -  {}
23:46:13 - DEBUG	| calculated.click_target:363 - 0/0/0 -  æ”¯æ´èˆ±æ®µ
23:46:13 - DEBUG	| calculated.click_target:367 - 0/0/0 -  None
23:46:13 - DEBUG	| calculated.part_ocr:746 - 0/0/0 -  {}
23:46:13 - DEBUG	| calculated.click_target:363 - 0/0/0 -  æ”¯æ´èˆ±æ®µ
23:46:13 - DEBUG	| calculated.click_target:367 - 0/0/0 -  None
23:46:13 - DEBUG	| calculated.part_ocr:746 - 0/0/0 -  {}
23:46:13 - DEBUG	| calculated.click_target:363 - 0/0/0 -  æ”¯æ´èˆ±æ®µ
23:46:13 - DEBUG	| calculated.click_target:367 - 0/0/0 -  None
23:46:13 - DEBUG	| calculated.part_ocr:746 - 0/0/0 -  {}
23:46:13 - DEBUG	| calculated.click_target:363 - 0/0/0 -  æ”¯æ´èˆ±æ®µ
23:46:13 - DEBUG	| calculated.click_target:367 - 0/0/0 -  None
23:46:13 - DEBUG	| calculated.part_ocr:746 - 0/0/0 -  {}
23:46:13 - DEBUG	| calculated.click_target:363 - 0/0/0 -  æ”¯æ´èˆ±æ®µ
23:46:13 - DEBUG	| calculated.click_target:367 - 0/0/0 -  None
23:46:13 - DEBUG	| calculated.part_ocr:746 - 0/0/0 -  {}
23:46:13 - DEBUG	| calculated.click_target:363 - 0/0/0 -  æ”¯æ´èˆ±æ®µ
23:46:13 - DEBUG	| calculated.click_target:367 - 0/0/0 -  None
23:46:13 - DEBUG	| calculated.part_ocr:746 - 0/0/0 -  {}
23:46:13 - DEBUG	| calculated.click_target:363 - 0/0/0 -  æ”¯æ´èˆ±æ®µ
23:46:13 - DEBUG	| calculated.click_target:367 - 0/0/0 -  None
23:46:13 - DEBUG	| calculated.part_ocr:746 - 0/0/0 -  {}
23:46:13 - DEBUG	| calculated.click_target:363 - 0/0/0 -  æ”¯æ´èˆ±æ®µ
23:46:13 - DEBUG	| calculated.click_target:367 - 0/0/0 -  None
23:46:13 - DEBUG	| calculated.part_ocr:746 - 0/0/0 -  {}
23:46:13 - DEBUG	| calculated.click_target:363 - 0/0/0 -  æ”¯æ´èˆ±æ®µ
23:46:13 - DEBUG	| calculated.click_target:367 - 0/0/0 -  None
23:46:13 - DEBUG	| calculated.part_ocr:746 - 0/0/0 -  {}
23:46:13 - DEBUG	| calculated.click_target:363 - 0/0/0 -  æ”¯æ´èˆ±æ®µ
23:46:13 - DEBUG	| calculated.click_target:367 - 0/0/0 -  None
23:46:13 - DEBUG	| calculated.part_ocr:746 - 0/0/0 -  {}
23:46:13 - DEBUG	| calculated.click_target:363 - 0/0/0 -  æ”¯æ´èˆ±æ®µ
23:46:13 - DEBUG	| calculated.click_target:367 - 0/0/0 -  None
23:46:13 - DEBUG	| calculated.part_ocr:746 - 0/0/0 -  {}
23:46:13 - DEBUG	| calculated.click_target:363 - 0/0/0 -  æ”¯æ´èˆ±æ®µ
23:46:13 - DEBUG	| calculated.click_target:367 - 0/0/0 -  None
23:46:13 - DEBUG	| calculated.part_ocr:746 - 0/0/0 -  {}
23:46:13 - DEBUG	| calculated.click_target:363 - 0/0/0 -  æ”¯æ´èˆ±æ®µ
23:46:13 - DEBUG	| calculated.click_target:367 - 0/0/0 -  None
23:46:14 - DEBUG	| calculated.part_ocr:746 - 0/0/0 -  {'é£Ÿ': (1913, 606), '': (1910, 894)}
23:46:14 - DEBUG	| calculated.click_target:363 - 0/0/0 -  æ”¯æ´èˆ±æ®µ
23:46:14 - DEBUG	| calculated.click_target:367 - 0/0/0 -  None
23:46:14 - DEBUG	| calculated.part_ocr:746 - 0/0/0 -  {'è§‚æ™¯è½¦å¢': (1883, 511), 'ä¸»æ§èˆ±æ®µ': (1884, 606), 'åŸºåº§èˆ±æ®µ': (1883, 702), 'æ”¶å®¹èˆ±æ®µ': (1884, 798), 'æ”¯æ´èˆ±æ®µ': (1884, 894)}
23:46:14 - DEBUG	| calculated.click_target:363 - 0/0/0 -  æ”¯æ´èˆ±æ®µ
23:46:14 - DEBUG	| calculated.click_target:367 - 0/0/0 -  (1884, 894)
23:46:14 - DEBUG	| calculated.appoint_click:102 - 0/0/0 -  (1884, 894)
23:46:14 - DEBUG	| calculated.appoint_click:108 - 0/0/0 -  [216, 216, 216]
23:46:14 - DEBUG	| calculated.appoint_click:102 - 0/0/0 -  (1884, 894)
23:46:15 - DEBUG	| calculated.appoint_click:108 - 0/0/0 -  [169, 169, 169]
23:46:15 - DEBUG	| calculated.appoint_click:102 - 0/0/0 -  (1884, 894)
23:46:15 - DEBUG	| calculated.appoint_click:108 - 0/0/0 -  [40, 40, 40]
23:46:15 - INFO	| calculated.click_target:389 - 0/0/0 -  map_1-3_point_3
23:46:16 - INFO	| calculated.click_target:398 - 0/0/0 -  0.9951274394989014
23:46:16 - DEBUG	| map.start_map:161 - 0/0/0 -  transfer.jpg
23:46:18 - INFO	| calculated.click_target:326 - 0/0/0 -  transfer
23:46:18 - DEBUG	| calculated.part_ocr_other:781 - 0/0/0 -  {'O': (390, 339), 'å¯¼èˆª': (441, 329), 'ç©ºé—´ç«™ã€Œé»‘å¡”': (497, 354), 'çƒ§6/180 +': (2023, 342), 'å‘7/ 7': (541, 438), 'å­˜æŠ¤ä¹‹è•¾Â·æ‹Ÿé€ èŠ±è¼ï¼ˆèµ¤)': (1983, 424), 'çŠ¶å¦‚èŠ±è¼çš„å¥‡å¼‚é€ ç‰©ï¼Œèµ¤è‰²èŠ¯è•Šï¼Œç„é»‘èŠ±': (1972, 501), 'ç¿”ç“£ã€‚å®ƒä¼¼åœ¨ä¸åœæ¨¡ä»¿ã€æ‹¼å‡‘ç€ç°å®å­˜åœ¨çš„': (1972, 540), 'å…ƒç´ ï¼Œè¯•å›¾åˆ›æˆæ–°çš„äº‹ç‰©ã€‚': (1895, 578), 'å¯èƒ½è·å–': (1810, 647), '2å±‚': (385, 1157), 'ä¸€': (959, 1265), 'å': (1319, 1264), 'ä¼ é€': (1975, 1250), 'UiD:102071012': (418, 1328), 'A': (2041, 1324), 'å†…ã€‚åœ°å›¾å…‰æ ‡ç§»åŠ¨': (2115, 1328)}
23:46:18 - DEBUG	| calculated.ocr_pos:718 - 0/0/0 -  {'O': (390, 339), 'å¯¼èˆª': (441, 329), 'ç©ºé—´ç«™ã€Œé»‘å¡”': (497, 354), 'çƒ§6/180 +': (2023, 342), 'å‘7/ 7': (541, 438), 'å­˜æŠ¤ä¹‹è•¾Â·æ‹Ÿé€ èŠ±è¼ï¼ˆèµ¤)': (1983, 424), 'çŠ¶å¦‚èŠ±è¼çš„å¥‡å¼‚é€ ç‰©ï¼Œèµ¤è‰²èŠ¯è•Šï¼Œç„é»‘èŠ±': (1972, 501), 'ç¿”ç“£ã€‚å®ƒä¼¼åœ¨ä¸åœæ¨¡ä»¿ã€æ‹¼å‡‘ç€ç°å®å­˜åœ¨çš„': (1972, 540), 'å…ƒç´ ï¼Œè¯•å›¾åˆ›æˆæ–°çš„äº‹ç‰©ã€‚': (1895, 578), 'å¯èƒ½è·å–': (1810, 647), '2å±‚': (385, 1157), 'ä¸€': (959, 1265), 'å': (1319, 1264), 'ä¼ é€': (1975, 1250), 'UiD:102071012': (418, 1328), 'A': (2041, 1324), 'å†…ã€‚åœ°å›¾å…‰æ ‡ç§»åŠ¨': (2115, 1328)}
23:46:18 - DEBUG	| calculated.ocr_click:160 - 0/0/0 -  ä¼ é€
23:46:19 - DEBUG	| calculated.wait_join:912 - 0/0/0 -  [0, 0, 212]
23:46:19 - DEBUG	| calculated.wait_join:912 - 0/0/0 -  [0, 0, 18]
23:46:19 - DEBUG	| calculated.wait_join:912 - 0/0/0 -  [0, 0, 18]
23:46:19 - DEBUG	| calculated.wait_join:912 - 0/0/0 -  [0, 0, 18]
23:46:19 - DEBUG	| calculated.wait_join:912 - 0/0/0 -  [0, 0, 18]
23:46:19 - DEBUG	| calculated.wait_join:912 - 0/0/0 -  [0, 0, 18]
23:46:20 - DEBUG	| calculated.wait_join:912 - 0/0/0 -  [0, 0, 18]
23:46:20 - DEBUG	| calculated.wait_join:912 - 0/0/0 -  [0, 0, 18]
23:46:20 - DEBUG	| calculated.wait_join:912 - 0/0/0 -  [0, 0, 18]
23:46:20 - DEBUG	| calculated.wait_join:912 - 0/0/0 -  [0, 0, 18]
23:46:20 - DEBUG	| calculated.wait_join:912 - 0/0/0 -  [0, 0, 18]
23:46:20 - DEBUG	| calculated.wait_join:912 - 0/0/0 -  [0, 0, 18]
23:46:21 - DEBUG	| calculated.wait_join:912 - 0/0/0 -  [0, 0, 239]
23:46:21 - INFO	| calculated.wait_join:914 - 0/0/0 -  å·²è¿›å…¥åœ°å›¾
23:46:21 - INFO	| map.start_map:198 - 0/0/0 -  åœ°å›¾åŠ è½½å®Œæ¯•ï¼ŒåŠ è½½æ—¶é—´ä¸º 1.9953186511993408 ç§’
23:46:23 - INFO	| map.start_map:68 - 0/0/0 -  map = map_1-3_2, map_name = æ”¯æ´èˆ±æ®µ-2
23:46:23 - INFO	| map.start_map:72 - 0/0/0 -  å¼€å§‹å¯»è·¯
23:46:23 - INFO	| map.start_map:75 - 0/0/0 -  æ‰§è¡Œmap_1-3_2æ–‡ä»¶:1/4 {'s': 6.028497314453125}
23:46:29 - INFO	| map.start_map:75 - 0/0/0 -  æ‰§è¡Œmap_1-3_2æ–‡ä»¶:2/4 {'a': 0.13797216415405272}
23:46:29 - INFO	| map.start_map:75 - 0/0/0 -  æ‰§è¡Œmap_1-3_2æ–‡ä»¶:3/4 {'f': 0.6}
23:46:31 - INFO	| calculated.teleport:958 - 0/0/0 -  ç­‰å¾…å…¥ç”»ç»“æŸ
23:46:31 - DEBUG	| calculated.part_ocr:746 - 0/0/0 -  {'UID:102071012': (418, 1331), 'Escï¼‰æ‰‹æœº/é€€å‡º': (1616, 1332), 'M å¯¼èˆª': (1774, 1331), 'LeftAlt)': (1907, 1331), '': (1954, 1332), 'å”¤èµ·é¼ æ ‡': (2000, 1331), '(Tabï¼‰è½®ç›˜': (2137, 1332)}
23:46:31 - INFO	| calculated.teleport:963 - 0/0/0 -  å®Œæˆå…¥ç”»
23:46:31 - INFO	| map.start_map:75 - 0/0/0 -  æ‰§è¡Œmap_1-3_2æ–‡ä»¶:4/4 {'f': 0.6}
23:46:33 - INFO	| calculated.teleport:958 - 0/0/0 -  ç­‰å¾…å…¥ç”»ç»“æŸ
23:46:34 - DEBUG	| calculated.part_ocr:746 - 0/0/0 -  {'UID:102071012': (418, 1331), 'Esc)': (1566, 1331), 'ï¼‰æ‰‹æœº/é€€å‡º': (1638, 1331), '(M)': (1753, 1331), 'å¯¼èˆª': (1792, 1332), 'LeftAlt)': (1907, 1331), '': (1954, 1332), 'å”¤èµ·é¼ æ ‡': (2000, 1331), '(Tab)è½®ç›˜': (2139, 1332)}
23:46:34 - INFO	| calculated.teleport:963 - 0/0/0 -  å®Œæˆå…¥ç”»
23:46:34 - INFO	| requests.webhook_and_log:99 - 0/0/0 -  å¼€å§‹[0;34;40mæ”¯æ´èˆ±æ®µ-3[0mé”„åœ°
23:46:34 - INFO	| map.start_map:156 - 0/0/0 -  è¯¥è·¯çº¿å¯¼èˆªä½œè€…ï¼š[0;31;40mStarry-Wind,å°æ˜[0m
23:46:34 - INFO	| map.start_map:157 - 0/0/0 -  æ„Ÿè°¢æ¯ä¸€ä½æ— ç§å¥‰çŒ®çš„ä½œè€…
23:46:34 - DEBUG	| calculated.wait_join:912 - 0/0/0 -  [0, 0, 239]
23:46:34 - INFO	| calculated.wait_join:914 - 0/0/0 -  å·²è¿›å…¥åœ°å›¾
23:46:34 - INFO	| map.start_map:198 - 0/0/0 -  åœ°å›¾åŠ è½½å®Œæ¯•ï¼ŒåŠ è½½æ—¶é—´ä¸º 0.0 ç§’
23:46:36 - INFO	| map.start_map:68 - 0/0/0 -  map = map_1-3_3, map_name = æ”¯æ´èˆ±æ®µ-3
23:46:36 - INFO	| map.start_map:72 - 0/0/0 -  å¼€å§‹å¯»è·¯
23:46:36 - INFO	| map.start_map:75 - 0/0/0 -  æ‰§è¡Œmap_1-3_3æ–‡ä»¶:1/8 {'w': 0.8554380893707275}
23:46:37 - INFO	| map.start_map:75 - 0/0/0 -  æ‰§è¡Œmap_1-3_3æ–‡ä»¶:2/8 {'d': 5.253693923950196}
23:46:42 - INFO	| map.start_map:75 - 0/0/0 -  æ‰§è¡Œmap_1-3_3æ–‡ä»¶:3/8 {'fighting': 1}
23:46:42 - INFO	| calculated.has_red:874 - 0/0/0 -  452
23:46:42 - DEBUG	| calculated.fighting:434 - 0/0/0 -  è¿›å…¥æˆ˜æ–—å–è‰²: [114, 157, 182]
23:46:42 - INFO	| calculated.wait_fight_end:544 - 0/0/0 -  è·³è¿‡å¼€å¯è‡ªåŠ¨æˆ˜æ–—ï¼ˆæ²¿ç”¨è®¾ç½®ï¼‰
23:46:48 - DEBUG	| calculated.part_ocr:746 - 0/0/0 -  {}
23:46:50 - DEBUG	| calculated.part_ocr:746 - 0/0/0 -  {'Aï¼‰é€‰æ‹©ç›®æ ‡å·¦': (1530, 1331), 'Dï¼‰é€‰æ‹©ç›®æ ‡å³': (1717, 1331), '0': (1846, 1327), 'æ”»å‡»æŒ‰é’®åˆ‡æ¢': (1932, 1331), 'ç©ºæ ¼': (2068, 1331), 'æ–½æ”¾æŠ€èƒ½': (2147, 1331)}
23:46:52 - DEBUG	| calculated.part_ocr:746 - 0/0/0 -  {'Aï¼‰é€‰æ‹©ç›®æ ‡å·¦': (1530, 1331), '(Dï¼‰é€‰æ‹©ç›®æ ‡å³': (1716, 1330), '0': (1846, 1327), 'æ”»å‡»æŒ‰é’®åˆ‡æ¢': (1929, 1331), 'ç©ºæ ¼': (2068, 1330), 'æ–½æ”¾æŠ€èƒ½': (2146, 1331)}
23:46:54 - DEBUG	| calculated.part_ocr:746 - 0/0/0 -  {'Aï¼‰é€‰æ‹©ç›®æ ‡å·¦': (1530, 1331), 'Dï¼‰é€‰æ‹©ç›®æ ‡å³': (1717, 1330), '0': (1846, 1326), 'æ”»å‡»æŒ‰é’®åˆ‡æ¢': (1929, 1331), 'ç©ºæ ¼': (2068, 1330), 'æ–½æ”¾æŠ€èƒ½': (2146, 1331)}
23:46:56 - DEBUG	| calculated.part_ocr:746 - 0/0/0 -  {}
23:46:58 - DEBUG	| calculated.part_ocr:746 - 0/0/0 -  {}
23:47:00 - DEBUG	| calculated.part_ocr:746 - 0/0/0 -  {'Aï¼‰é€‰æ‹©ç›®æ ‡å·¦': (1530, 1331), 'Dï¼‰é€‰æ‹©ç›®æ ‡å³': (1717, 1331), '0': (1846, 1327), 'æ”»å‡»æŒ‰é’®åˆ‡æ¢': (1928, 1331), 'ç©ºæ ¼': (2068, 1331), 'æ–½æ”¾æŠ€èƒ½': (2146, 1331)}
23:47:02 - DEBUG	| calculated.part_ocr:746 - 0/0/0 -  {'Aï¼‰é€‰æ‹©ç›®æ ‡å·¦': (1530, 1331), 'Dï¼‰é€‰æ‹©ç›®æ ‡å³': (1717, 1331), '0': (1846, 1327), 'æ”»å‡»æŒ‰é’®åˆ‡æ¢': (1929, 1331), 'ç©ºæ ¼': (2068, 1331), 'æ–½æ”¾æŠ€èƒ½': (2146, 1331)}
23:47:04 - DEBUG	| calculated.part_ocr:746 - 0/0/0 -  {'Aï¼‰é€‰æ‹©ç›®æ ‡å·¦': (1530, 1331), 'Dï¼‰é€‰æ‹©ç›®æ ‡å³': (1717, 1330), '-0': (1846, 1328), 'æ”»å‡»æŒ‰é’®åˆ‡æ¢': (1929, 1331), 'ç©ºæ ¼': (2068, 1330), 'æ–½æ”¾æŠ€èƒ½': (2145, 1330)}
23:47:06 - DEBUG	| calculated.part_ocr:746 - 0/0/0 -  {'Aï¼‰é€‰æ‹©ç›®æ ‡å·¦': (1530, 1331), 'Dï¼‰é€‰æ‹©ç›®æ ‡å³': (1717, 1330), '0': (1846, 1327), 'æ”»å‡»æŒ‰é’®åˆ‡æ¢': (1929, 1331), 'ç©ºæ ¼': (2068, 1331), 'æ–½æ”¾æŠ€èƒ½': (2146, 1331)}
23:47:08 - DEBUG	| calculated.part_ocr:746 - 0/0/0 -  {'Aï¼‰é€‰æ‹©ç›®æ ‡å·¦': (1530, 1331), 'Dï¼‰é€‰æ‹©ç›®æ ‡å³': (1717, 1330), '0': (1846, 1327), 'æ”»å‡»æŒ‰é’®åˆ‡æ¢': (1932, 1331), 'ç©ºæ ¼': (2068, 1330), 'æ–½æ”¾æŠ€èƒ½': (2147, 1331)}
23:47:11 - DEBUG	| calculated.part_ocr:746 - 0/0/0 -  {'Aï¼‰é€‰æ‹©ç›®æ ‡å·¦': (1531, 1331), 'Dï¼‰é€‰æ‹©ç›®æ ‡å³': (1717, 1331), '0-': (1845, 1328), 'æ”»å‡»æŒ‰é’®åˆ‡æ¢': (1929, 1331), 'ç©ºæ ¼': (2068, 1331), 'æ–½æ”¾æŠ€èƒ½': (2147, 1331)}
23:47:13 - DEBUG	| calculated.part_ocr:746 - 0/0/0 -  {'æ”»å‡»æŒ‰é’®åˆ‡æ¢': (1935, 1330), 'ç©ºæ ¼': (2070, 1330), 'æ–½æ”¾æŠ€å‰': (2145, 1331)}
23:47:15 - DEBUG	| calculated.part_ocr:746 - 0/0/0 -  {}
23:47:17 - DEBUG	| calculated.part_ocr:746 - 0/0/0 -  {'Aï¼‰é€‰æ‹©ç›®æ ‡å·¦': (1531, 1331), 'Dï¼‰é€‰æ‹©ç›®æ ‡å³': (1717, 1331), '-0-': (1846, 1328), 'æ”»å‡»æŒ‰é’®åˆ‡æ¢': (1932, 1331), 'ç©ºæ ¼': (2070, 1331), 'ï¼‰æ–½æ”¾æŠ€èƒ½': (2141, 1331)}
23:47:19 - DEBUG	| calculated.part_ocr:746 - 0/0/0 -  {'æ ‡çŸ³': (1763, 1330), 'æ”»å‡»æŒ‰é’®åˆ‡æŒ‰': (1926, 1330), 'æ–½æ”¾æŠ€èƒ½': (2148, 1331)}
23:47:21 - DEBUG	| calculated.part_ocr:746 - 0/0/0 -  {}
23:47:23 - DEBUG	| calculated.part_ocr:746 - 0/0/0 -  {}
23:47:25 - DEBUG	| calculated.part_ocr:746 - 0/0/0 -  {'Aï¼‰é€‰æ‹©ç›®æ ‡å·¦': (1531, 1331), 'Dï¼‰é€‰æ‹©ç›®æ ‡å³': (1717, 1331), '-0': (1846, 1328), 'æ”»å‡»æŒ‰é’®åˆ‡æ¢': (1929, 1331), 'ç©ºæ ¼': (2068, 1331), 'æ–½æ”¾æŠ€èƒ½': (2146, 1331)}
23:47:27 - DEBUG	| calculated.part_ocr:746 - 0/0/0 -  {}
23:47:29 - DEBUG	| calculated.part_ocr:746 - 0/0/0 -  {'oç«å±æ€§ä¼¤å®³æé«˜': (1539, 1331)}
23:47:31 - DEBUG	| calculated.part_ocr:746 - 0/0/0 -  {'Aï¼‰é€‰æ‹©ç›®æ ‡å·¦': (1530, 1331), 'Dï¼‰é€‰æ‹©ç›®æ ‡å³': (1717, 1330), '0': (1845, 1326), 'æ”»å‡»æŒ‰é’®åˆ‡æ¢': (1932, 1331), 'ç©ºæ ¼': (2068, 1330), 'æ–½æ”¾æŠ€èƒ½': (2147, 1331)}
23:47:33 - DEBUG	| calculated.part_ocr:746 - 0/0/0 -  {'Aï¼‰é€‰æ‹©ç›®æ ‡å·¦': (1530, 1331), 'Dï¼‰é€‰æ‹©ç›®æ ‡å³': (1717, 1331), '-0-': (1846, 1328), 'æ”»å‡»æŒ‰é’®åˆ‡æ¢': (1929, 1331), 'ç©ºæ ¼': (2068, 1331), 'æ–½æ”¾æŠ€èƒ½': (2146, 1331)}
23:47:36 - DEBUG	| calculated.part_ocr:746 - 0/0/0 -  {'Aï¼‰é€‰æ‹©ç›®æ ‡å·¦': (1530, 1331), 'Dï¼‰é€‰æ‹©ç›®æ ‡å³': (1717, 1330), '0': (1846, 1327), 'æ”»å‡»æŒ‰é’®åˆ‡æ¢': (1929, 1331), 'ç©ºæ ¼': (2068, 1330), 'æ–½æ”¾æŠ€èƒ½': (2146, 1331)}
23:47:38 - DEBUG	| calculated.part_ocr:746 - 0/0/0 -  {'Aï¼‰é€‰æ‹©ç›®æ ‡å·¦': (1530, 1331), '(Dï¼‰é€‰æ‹©ç›®æ ‡å³': (1716, 1330), '0': (1846, 1326), 'æ”»å‡»æŒ‰é’®åˆ‡æ¢': (1928, 1331), 'ç©ºæ ¼': (2068, 1331), 'æ–½æ”¾æŠ€èƒ½': (2146, 1331)}
23:47:40 - DEBUG	| calculated.part_ocr:746 - 0/0/0 -  {'Aï¼‰é€‰æ‹©ç›®æ ‡å·¦': (1530, 1331), 'Dï¼‰é€‰æ‹©ç›®æ ‡å³': (1717, 1331), '-0': (1846, 1328), 'æ”»å‡»æŒ‰é’®åˆ‡æ¢': (1932, 1331), 'ç©ºæ ¼': (2068, 1331), 'æ–½æ”¾æŠ€èƒ½': (2146, 1331)}
23:47:42 - DEBUG	| calculated.part_ocr:746 - 0/0/0 -  {}
23:47:44 - DEBUG	| calculated.part_ocr:746 - 0/0/0 -  {'Esc': (1562, 1332), 'æ‰‹æœº/é€€å‡º': (1643, 1331), 'M)': (1751, 1331), 'å¯¼èˆª': (1793, 1332), 'LeftAlt': (1902, 1331), 'å”¤èµ·é¼ æ ‡': (2002, 1331), 'Tab': (2112, 1332), 'ï¼‰è½®ç›˜': (2161, 1331)}
23:47:44 - INFO	| calculated.wait_fight_end:551 - 0/0/0 -  å®Œæˆè‡ªåŠ¨æˆ˜æ–—
23:47:44 - INFO	| map.start_map:75 - 0/0/0 -  æ‰§è¡Œmap_1-3_3æ–‡ä»¶:4/8 {'a': 11.320342826843262}
23:47:55 - INFO	| map.start_map:75 - 0/0/0 -  æ‰§è¡Œmap_1-3_3æ–‡ä»¶:5/8 {'w': 3.656429147720337}
23:47:59 - INFO	| map.start_map:75 - 0/0/0 -  æ‰§è¡Œmap_1-3_3æ–‡ä»¶:6/8 {'fighting': 1}
23:48:00 - INFO	| calculated.has_red:874 - 0/0/0 -  221
23:48:00 - DEBUG	| calculated.fighting:434 - 0/0/0 -  è¿›å…¥æˆ˜æ–—å–è‰²: [108, 117, 157]
23:48:00 - INFO	| calculated.wait_fight_end:544 - 0/0/0 -  è·³è¿‡å¼€å¯è‡ªåŠ¨æˆ˜æ–—ï¼ˆæ²¿ç”¨è®¾ç½®ï¼‰
23:48:05 - DEBUG	| calculated.part_ocr:746 - 0/0/0 -  {'Aï¼‰é€‰æ‹©ç›®æ ‡å·¦': (1530, 1331), 'Dï¼‰é€‰æ‹©ç›®æ ‡å³': (1717, 1331), '-': (1845, 1326), 'æ”»å‡»æŒ‰é’®åˆ‡æ¢': (1926, 1331), 'ç©ºæ ¼': (2068, 1330), 'æ–½æ”¾æŠ€èƒ½': (2146, 1331)}
23:48:07 - DEBUG	| calculated.part_ocr:746 - 0/0/0 -  {'Aï¼‰é€‰æ‹©ç›®æ ‡å·¦': (1530, 1331), 'Dï¼‰é€‰æ‹©ç›®æ ‡å³': (1717, 1331), '-0-': (1846, 1328), 'æ”»å‡»æŒ‰é’®åˆ‡æ¢': (1932, 1331), 'ç©ºæ ¼': (2068, 1331), 'æ–½æ”¾æŠ€èƒ½': (2146, 1331)}
23:48:09 - DEBUG	| calculated.part_ocr:746 - 0/0/0 -  {'Aï¼‰é€‰æ‹©ç›®æ ‡å·¦': (1530, 1331), '(Dï¼‰é€‰æ‹©ç›®æ ‡å³': (1716, 1330), '0': (1846, 1327), 'æ”»å‡»æŒ‰é’®åˆ‡æ¢': (1929, 1331), 'ç©ºæ ¼': (2068, 1330), 'æ–½æ”¾æŠ€èƒ½': (2146, 1331)}
23:48:11 - DEBUG	| calculated.part_ocr:746 - 0/0/0 -  {'Aï¼‰é€‰æ‹©ç›®æ ‡å·¦': (1530, 1331), 'Dï¼‰é€‰æ‹©ç›®æ ‡å³': (1717, 1330), '-0': (1846, 1325), 'æ”»å‡»æŒ‰é’®åˆ‡æ¢': (1927, 1331), 'ç©ºæ ¼': (2068, 1330), 'æ–½æ”¾æŠ€èƒ½': (2146, 1331)}
23:48:13 - DEBUG	| calculated.part_ocr:746 - 0/0/0 -  {'Aï¼‰é€‰æ‹©ç›®æ ‡å·¦': (1531, 1331), 'Dï¼‰é€‰æ‹©ç›®æ ‡å³': (1717, 1331), '-0': (1846, 1328), 'æ”»å‡»æŒ‰é’®åˆ‡æ¢': (1929, 1331), 'ç©ºæ ¼': (2068, 1331), 'æ–½æ”¾æŠ€èƒ½': (2146, 1331)}
23:48:15 - DEBUG	| calculated.part_ocr:746 - 0/0/0 -  {'Aï¼‰é€‰æ‹©ç›®æ ‡å·¦': (1530, 1331), 'Dï¼‰é€‰æ‹©ç›®æ ‡å³': (1717, 1330), '0': (1846, 1327), 'æ”»å‡»æŒ‰é’®åˆ‡æ¢': (1929, 1331), 'ç©ºæ ¼': (2068, 1330), 'æ–½æ”¾æŠ€èƒ½': (2146, 1331)}
23:48:17 - DEBUG	| calculated.part_ocr:746 - 0/0/0 -  {'Aï¼‰é€‰æ‹©ç›®æ ‡å·¦': (1531, 1331), '(Dï¼‰é€‰æ‹©ç›®æ ‡å³': (1716, 1331), '0': (1846, 1327), 'æ”»å‡»æŒ‰é’®åˆ‡æ¢': (1929, 1331), 'ç©ºæ ¼': (2068, 1331), 'æ–½æ”¾æŠ€èƒ½': (2146, 1331)}
23:48:19 - DEBUG	| calculated.part_ocr:746 - 0/0/0 -  {}
23:48:21 - DEBUG	| calculated.part_ocr:746 - 0/0/0 -  {'dLå·¥011-4': (759, 1312)}
23:48:23 - DEBUG	| calculated.part_ocr:746 - 0/0/0 -  {'N': (712, 1339)}
23:48:26 - DEBUG	| calculated.part_ocr:746 - 0/0/0 -  {'-TleCllLldLldPdl omncCC': (907, 1316), 'T c51Zå·¥1igCl dlsl01"5': (1441, 1316)}
23:48:28 - DEBUG	| calculated.part_ocr:746 - 0/0/0 -  {'Cld5l119ï¼‰Â·': (1295, 1316), 'ls ecso eCes  yuo eie 08ig Cle lerec': (1753, 1321)}
23:48:30 - DEBUG	| calculated.part_ocr:746 - 0/0/0 -  {'eeePemee6Ce1-9el0"ee ednne-e': (1436, 1322)}
23:48:32 - DEBUG	| calculated.part_ocr:746 - 0/0/0 -  {'1-P-4': (766, 1317)}
23:48:34 - DEBUG	| calculated.part_ocr:746 - 0/0/0 -  {'Esc': (1561, 1332), 'æ‰‹æœº/é€€å‡º': (1642, 1331), 'M)': (1751, 1331), 'å¯¼èˆª': (1793, 1332), 'LeftAlt': (1902, 1331), 'å”¤èµ·é¼ æ ‡': (2002, 1331), 'Tab': (2112, 1332), 'è½®ç›˜': (2166, 1332)}
23:48:34 - INFO	| calculated.wait_fight_end:551 - 0/0/0 -  å®Œæˆè‡ªåŠ¨æˆ˜æ–—
23:48:34 - INFO	| map.start_map:75 - 0/0/0 -  æ‰§è¡Œmap_1-3_3æ–‡ä»¶:7/8 {'d': 0.856429147720337}
23:48:35 - INFO	| map.start_map:75 - 0/0/0 -  æ‰§è¡Œmap_1-3_3æ–‡ä»¶:8/8 {'fighting': 2}
23:48:36 - INFO	| requests.webhook_and_log:99 - 0/0/0 -  å¼€å§‹[0;34;40mæ”¯æ´èˆ±æ®µ-4[0mé”„åœ°
23:48:36 - INFO	| map.start_map:156 - 0/0/0 -  è¯¥è·¯çº¿å¯¼èˆªä½œè€…ï¼š[0;31;40mStarry-Wind,å°æ˜[0m
23:48:36 - INFO	| map.start_map:157 - 0/0/0 -  æ„Ÿè°¢æ¯ä¸€ä½æ— ç§å¥‰çŒ®çš„ä½œè€…
23:48:36 - DEBUG	| map.start_map:161 - 0/0/0 -  map
23:48:39 - DEBUG	| calculated.part_ocr:746 - 0/0/0 -  {'å¯¼èˆª': (443, 328), 'Y': (390, 347), 'ç©ºé—´ç«™': (460, 357)}
23:48:39 - INFO	| calculated.open_map:946 - 0/0/0 -  è¿›å…¥åœ°å›¾
23:48:39 - DEBUG	| map.start_map:161 - 0/0/0 -  map_1-3_point_4.jpg
23:48:40 - INFO	| calculated.click_target:389 - 0/0/0 -  map_1-3_point_4
23:48:41 - INFO	| calculated.click_target:398 - 0/0/0 -  0.9968745112419128
23:48:41 - DEBUG	| map.start_map:161 - 0/0/0 -  transfer.jpg
23:48:43 - INFO	| calculated.click_target:326 - 0/0/0 -  transfer
23:48:43 - DEBUG	| calculated.part_ocr_other:781 - 0/0/0 -  {'9': (396, 342), 'å¯¼èˆª': (441, 329), 'ç©ºé—´ç«™ã€Œé»‘å¡”': (497, 354), '7/180å': (2023, 341), 'è€Œ7/ 7': (539, 438), 'æ€»': (1794, 424), 'å¤‡ä»¶åº“æˆ¿': (1873, 423), 'å±‚å±‚å †å çš„å¤‡ä»¶æ‚ä¹±æ— ç« å´åˆä»ä¸å‡ºé”™': (1962, 501), 'å……åˆ†å½°æ˜¾ç®¡ç†è€…çš„é­…åŠ›ã€‚': (1884, 540), '2å±‚': (385, 1157), 'ä¸€': (959, 1265), 'å': (1319, 1264), 'æ–‡': (1678, 1264), 'ä¼ é€': (1973, 1250), 'UID:102071012': (417, 1326), 'å†…åœ°å›¾å…‰æ ‡ç§»åŠ¨': (2107, 1328)}
23:48:43 - DEBUG	| calculated.ocr_pos:718 - 0/0/0 -  {'9': (396, 342), 'å¯¼èˆª': (441, 329), 'ç©ºé—´ç«™ã€Œé»‘å¡”': (497, 354), '7/180å': (2023, 341), 'è€Œ7/ 7': (539, 438), 'æ€»': (1794, 424), 'å¤‡ä»¶åº“æˆ¿': (1873, 423), 'å±‚å±‚å †å çš„å¤‡ä»¶æ‚ä¹±æ— ç« å´åˆä»ä¸å‡ºé”™': (1962, 501), 'å……åˆ†å½°æ˜¾ç®¡ç†è€…çš„é­…åŠ›ã€‚': (1884, 540), '2å±‚': (385, 1157), 'ä¸€': (959, 1265), 'å': (1319, 1264), 'æ–‡': (1678, 1264), 'ä¼ é€': (1973, 1250), 'UID:102071012': (417, 1326), 'å†…åœ°å›¾å…‰æ ‡ç§»åŠ¨': (2107, 1328)}
23:48:43 - DEBUG	| calculated.ocr_click:160 - 0/0/0 -  ä¼ é€
23:48:44 - DEBUG	| calculated.wait_join:912 - 0/0/0 -  [107, 102, 95]
23:48:44 - DEBUG	| calculated.wait_join:912 - 0/0/0 -  [0, 0, 0]
23:48:44 - DEBUG	| calculated.wait_join:912 - 0/0/0 -  [0, 0, 0]
23:48:44 - DEBUG	| calculated.wait_join:912 - 0/0/0 -  [0, 0, 0]
23:48:44 - DEBUG	| calculated.wait_join:912 - 0/0/0 -  [0, 0, 112]
23:48:44 - DEBUG	| calculated.wait_join:912 - 0/0/0 -  [0, 0, 239]
23:48:44 - INFO	| calculated.wait_join:914 - 0/0/0 -  å·²è¿›å…¥åœ°å›¾
23:48:44 - INFO	| map.start_map:198 - 0/0/0 -  åœ°å›¾åŠ è½½å®Œæ¯•ï¼ŒåŠ è½½æ—¶é—´ä¸º 0.7728016376495361 ç§’
23:48:46 - INFO	| map.start_map:68 - 0/0/0 -  map = map_1-3_4, map_name = æ”¯æ´èˆ±æ®µ-4
23:48:46 - INFO	| map.start_map:72 - 0/0/0 -  å¼€å§‹å¯»è·¯
23:48:46 - INFO	| map.start_map:75 - 0/0/0 -  æ‰§è¡Œmap_1-3_4æ–‡ä»¶:1/3 {'w': 5.9}
23:48:52 - INFO	| map.start_map:75 - 0/0/0 -  æ‰§è¡Œmap_1-3_4æ–‡ä»¶:2/3 {'fighting': 1}
23:48:53 - INFO	| calculated.has_red:874 - 0/0/0 -  101
23:48:53 - DEBUG	| calculated.fighting:434 - 0/0/0 -  è¿›å…¥æˆ˜æ–—å–è‰²: [0, 0, 239]
23:48:54 - DEBUG	| calculated.fighting:434 - 0/0/0 -  è¿›å…¥æˆ˜æ–—å–è‰²: [0, 0, 239]
23:48:54 - DEBUG	| calculated.fighting:434 - 0/0/0 -  è¿›å…¥æˆ˜æ–—å–è‰²: [113, 60, 182]
23:48:54 - INFO	| calculated.wait_fight_end:544 - 0/0/0 -  è·³è¿‡å¼€å¯è‡ªåŠ¨æˆ˜æ–—ï¼ˆæ²¿ç”¨è®¾ç½®ï¼‰
23:48:59 - DEBUG	| calculated.part_ocr:746 - 0/0/0 -  {'Aï¼‰é€‰æ‹©ç›®æ ‡å·¦': (1530, 1331), 'Dï¼‰é€‰æ‹©ç›®æ ‡å³': (1717, 1330), '0': (1846, 1327), 'æ”»å‡»æŒ‰é’®åˆ‡æ¢': (1932, 1331), 'ç©ºæ ¼': (2068, 1331), 'æ–½æ”¾æŠ€èƒ½': (2146, 1331)}
23:49:02 - DEBUG	| calculated.part_ocr:746 - 0/0/0 -  {'Aï¼‰é€‰æ‹©ç›®æ ‡å·¦': (1530, 1331), 'Dï¼‰é€‰æ‹©ç›®æ ‡å³': (1717, 1331), '-0': (1846, 1328), 'æ”»å‡»æŒ‰é’®åˆ‡æ¢': (1932, 1331), 'ç©ºæ ¼': (2068, 1331), 'æ–½æ”¾æŠ€èƒ½': (2146, 1331)}
23:49:04 - DEBUG	| calculated.part_ocr:746 - 0/0/0 -  {}
23:49:06 - DEBUG	| calculated.part_ocr:746 - 0/0/0 -  {}
23:49:08 - DEBUG	| calculated.part_ocr:746 - 0/0/0 -  {'(Aï¼‰é€‰æ‹©ç›®æ ‡å·¦': (1530, 1331), '(Dï¼‰é€‰æ‹©ç›®æ ‡å³': (1716, 1330), '0': (1847, 1325), 'æ”»å‡»æŒ‰é’®åˆ‡æ¢': (1932, 1330), 'ç©ºæ ¼': (2067, 1330), 'æ–½æ”¾æŠ€èƒ½': (2148, 1330)}
23:49:10 - DEBUG	| calculated.part_ocr:746 - 0/0/0 -  {}
23:49:12 - DEBUG	| calculated.part_ocr:746 - 0/0/0 -  {}
23:49:14 - DEBUG	| calculated.part_ocr:746 - 0/0/0 -  {}
23:49:16 - DEBUG	| calculated.part_ocr:746 - 0/0/0 -  {}
23:49:18 - DEBUG	| calculated.part_ocr:746 - 0/0/0 -  {}
23:49:20 - DEBUG	| calculated.part_ocr:746 - 0/0/0 -  {'': (899, 1318), 'ä¸ªç”¨æ³•': (962, 1319)}
23:49:22 - DEBUG	| calculated.part_ocr:746 - 0/0/0 -  {}
23:49:24 - DEBUG	| calculated.part_ocr:746 - 0/0/0 -  {'125>': (779, 1323), 'def auto_map(selLfï¼Œstart):.': (1121, 1324)}
23:49:26 - DEBUG	| calculated.part_ocr:746 - 0/0/0 -  {'154': (764, 1315), 'STaP_d1CTäºŒ': (1253, 1318), 'map_dataL': (1422, 1318), 'Stant': (1556, 1317)}
23:49:28 - DEBUG	| calculated.part_ocr:746 - 0/0/0 -  {}
23:49:31 - DEBUG	| calculated.part_ocr:746 - 0/0/0 -  {}
23:49:33 - DEBUG	| calculated.part_ocr:746 - 0/0/0 -  {}
23:49:35 - DEBUG	| calculated.part_ocr:746 - 0/0/0 -  {'22': (771, 1335), 'nec_modeL_name="en_ numben mobiLe V2.0 "': (1794, 1337)}
23:49:37 - DEBUG	| calculated.part_ocr:746 - 0/0/0 -  {'1ä¸ªç”¨æ³•': (941, 1336)}
23:49:39 - DEBUG	| calculated.part_ocr:746 - 0/0/0 -  {'Aï¼‰é€‰æ‹©ç›®æ ‡å·¦': (1531, 1331), 'Dï¼‰é€‰æ‹©ç›®æ ‡å³': (1717, 1331), '': (1845, 1331), 'æ”»å‡»æŒ‰é’®åˆ‡æ¢': (1929, 1331), 'ç©ºæ ¼': (2068, 1331), 'æ–½æ”¾æŠ€èƒ½': (2146, 1331)}
23:49:41 - DEBUG	| calculated.part_ocr:746 - 0/0/0 -  {'Aï¼‰é€‰æ‹©ç›®æ ‡å·¦': (1531, 1331), 'Dï¼‰é€‰æ‹©ç›®æ ‡å³': (1717, 1331), '-0-': (1846, 1328), 'æ”»å‡»æŒ‰é’®åˆ‡æ¢': (1929, 1331), 'ç©ºæ ¼': (2068, 1331), 'æ–½æ”¾æŠ€èƒ½': (2146, 1331)}
23:49:43 - DEBUG	| calculated.part_ocr:746 - 0/0/0 -  {'Esc': (1562, 1332), 'æ‰‹æœº/é€€å‡º': (1641, 1331), 'M)': (1751, 1331), 'å¯¼èˆª': (1793, 1332), 'LeftAlt': (1902, 1331), 'å”¤èµ·é¼ æ ‡': (2002, 1331), '(Tab': (2112, 1332), 'ï¼‰è½®ç›˜': (2161, 1331)}
23:49:43 - INFO	| calculated.wait_fight_end:551 - 0/0/0 -  å®Œæˆè‡ªåŠ¨æˆ˜æ–—
23:49:43 - INFO	| map.start_map:75 - 0/0/0 -  æ‰§è¡Œmap_1-3_4æ–‡ä»¶:3/3 {'fighting': 2}
23:49:45 - INFO	| requests.webhook_and_log:99 - 0/0/0 -  å¼€å§‹[0;34;40måŸéƒŠé›ªåŸ-1[0mé”„åœ°
23:49:45 - INFO	| map.start_map:156 - 0/0/0 -  è¯¥è·¯çº¿å¯¼èˆªä½œè€…ï¼š[0;31;40mStarry-Wind,å°æ˜[0m
23:49:45 - INFO	| map.start_map:157 - 0/0/0 -  æ„Ÿè°¢æ¯ä¸€ä½æ— ç§å¥‰çŒ®çš„ä½œè€…
23:49:45 - DEBUG	| map.start_map:161 - 0/0/0 -  map
23:49:47 - DEBUG	| calculated.part_ocr:746 - 0/0/0 -  {}
